 CSKM D2Z6 Gr(118,118) U(0.1000) Re(1000) 
======================================================================
 Itterate = 1001 	 T=0.83 
 RMS_Error       = 1.000000000000 
 MAX_ABS_U_Error = 0.091630318535 		 @ -> (104,139) 
 MAX_ABS_V_Error = 0.055111970526 		 @ -> (119,132) 
 MAX_RS_Error    = 1.000000000000 		 @ -> (0,140) 
 Bulk_Velocity_ABS_Error = 0.008396168171 	 @ -> (104,139)
======================================================================
 Updating the output data files ...
 Files has been saved at (Results.dat) Re(1000) U(0.1000) G(118,118)

======================================================================
 Itterate = 2001 	 T=1.65 
 RMS_Error       = 0.597259367976 
 MAX_ABS_U_Error = 0.023891762989 		 @ -> (120,107) 
 MAX_ABS_V_Error = 0.035593081096 		 @ -> (124,117) 
 MAX_RS_Error    = 18.863051028380 		 @ -> (110,119) 
 Bulk_Velocity_ABS_Error = 0.002771657283 	 @ -> (123,120)
======================================================================
 Updating the output data files ...
 Files has been saved at (Results.dat) Re(1000) U(0.1000) G(118,118)

======================================================================
 Itterate = 3001 	 T=2.48 
 RMS_Error       = 0.431451039009 
 MAX_ABS_U_Error = 0.023041560128 		 @ -> (121,94) 
 MAX_ABS_V_Error = 0.023688674208 		 @ -> (128,104) 
 MAX_RS_Error    = 12.147011302804 		 @ -> (109,110) 
 Bulk_Velocity_ABS_Error = 0.001792476203 	 @ -> (127,103)
======================================================================
 Updating the output data files ...
 Files has been saved at (Results.dat) Re(1000) U(0.1000) G(118,118)

======================================================================
 Itterate = 4001 	 T=3.30 
 RMS_Error       = 0.407959791629 
 MAX_ABS_U_Error = 0.020398905149 		 @ -> (122,83) 
 MAX_ABS_V_Error = 0.016357191510 		 @ -> (131,92) 
 MAX_RS_Error    = 13.754251380575 		 @ -> (107,104) 
 Bulk_Velocity_ABS_Error = 0.001224256949 	 @ -> (128,88)
======================================================================
 Updating the output data files ...
 Files has been saved at (Results.dat) Re(1000) U(0.1000) G(118,118)

======================================================================
 Itterate = 5001 	 T=4.12 
 RMS_Error       = 1.071215707578 
 MAX_ABS_U_Error = 0.016822227473 		 @ -> (121,73) 
 MAX_ABS_V_Error = 0.011961141916 		 @ -> (134,84) 
 MAX_RS_Error    = 70.629303661954 		 @ -> (153,66) 
 Bulk_Velocity_ABS_Error = 0.000884965143 	 @ -> (128,77)
======================================================================
 Updating the output data files ...
 Files has been saved at (Results.dat) Re(1000) U(0.1000) G(118,118)

======================================================================
 Itterate = 6001 	 T=4.95 
 RMS_Error       = 1.254062790738 
 MAX_ABS_U_Error = 0.013520637702 		 @ -> (119,65) 
 MAX_ABS_V_Error = 0.009090140956 		 @ -> (136,76) 
 MAX_RS_Error    = 135.373796149948 		 @ -> (165,44) 
 Bulk_Velocity_ABS_Error = 0.000666458582 	 @ -> (127,68)
======================================================================
 Updating the output data files ...
 Files has been saved at (Results.dat) Re(1000) U(0.1000) G(118,118)

======================================================================
 Itterate = 7001 	 T=5.77 
 RMS_Error       = 1.661755512990 
 MAX_ABS_U_Error = 0.010938694199 		 @ -> (118,58) 
 MAX_ABS_V_Error = 0.007326260049 		 @ -> (88,77) 
 MAX_RS_Error    = 184.648236548733 		 @ -> (175,21) 
 Bulk_Velocity_ABS_Error = 0.000521478332 	 @ -> (126,61)
======================================================================
 Updating the output data files ...
 Files has been saved at (Results.dat) Re(1000) U(0.1000) G(118,118)

======================================================================
 Itterate = 8001 	 T=6.60 
 RMS_Error       = 0.638695585887 
 MAX_ABS_U_Error = 0.008964766946 		 @ -> (118,52) 
 MAX_ABS_V_Error = 0.006338699616 		 @ -> (84,74) 
 MAX_RS_Error    = 26.714433930853 		 @ -> (172,17) 
 Bulk_Velocity_ABS_Error = 0.000419714440 	 @ -> (127,56)
======================================================================
 Updating the output data files ...
 Files has been saved at (Results.dat) Re(1000) U(0.1000) G(118,118)

======================================================================
 Itterate = 9001 	 T=7.42 
 RMS_Error       = 0.379285122773 
 MAX_ABS_U_Error = 0.007437558797 		 @ -> (117,47) 
 MAX_ABS_V_Error = 0.005516915298 		 @ -> (80,71) 
 MAX_RS_Error    = 12.678069502495 		 @ -> (162,1) 
 Bulk_Velocity_ABS_Error = 0.000345171367 	 @ -> (127,51)
======================================================================
 Updating the output data files ...
 Files has been saved at (Results.dat) Re(1000) U(0.1000) G(118,118)

======================================================================
 Itterate = 10001 	 T=8.25 
 RMS_Error       = 0.312335216867 
 MAX_ABS_U_Error = 0.006244092356 		 @ -> (116,43) 
 MAX_ABS_V_Error = 0.004806811800 		 @ -> (77,68) 
 MAX_RS_Error    = 11.804581918685 		 @ -> (159,33) 
 Bulk_Velocity_ABS_Error = 0.000288631487 	 @ -> (124,46)
======================================================================
 Updating the output data files ...
 Files has been saved at (Results.dat) Re(1000) U(0.1000) G(118,118)

======================================================================
 Itterate = 11001 	 T=9.07 
 RMS_Error       = 0.250387584418 
 MAX_ABS_U_Error = 0.005281872856 		 @ -> (115,40) 
 MAX_ABS_V_Error = 0.004207316812 		 @ -> (73,68) 
 MAX_RS_Error    = 12.240526843337 		 @ -> (152,1) 
 Bulk_Velocity_ABS_Error = 0.000244165770 	 @ -> (125,43)
======================================================================
 Updating the output data files ...
 Files has been saved at (Results.dat) Re(1000) U(0.1000) G(118,118)

======================================================================
 Itterate = 12001 	 T=9.90 
 RMS_Error       = 0.201671184016 
 MAX_ABS_U_Error = 0.004497003225 		 @ -> (114,37) 
 MAX_ABS_V_Error = 0.003692212861 		 @ -> (70,66) 
 MAX_RS_Error    = 11.574862535173 		 @ -> (148,1) 
 Bulk_Velocity_ABS_Error = 0.000208761153 	 @ -> (125,40)
======================================================================
 Updating the output data files ...
 Files has been saved at (Results.dat) Re(1000) U(0.1000) G(118,118)

======================================================================
 Itterate = 13001 	 T=10.72 
 RMS_Error       = 0.164565322956 
 MAX_ABS_U_Error = 0.003858291964 		 @ -> (115,34) 
 MAX_ABS_V_Error = 0.003238330192 		 @ -> (67,66) 
 MAX_RS_Error    = 8.211987864990 		 @ -> (145,1) 
 Bulk_Velocity_ABS_Error = 0.000180327259 	 @ -> (124,37)
======================================================================
 Updating the output data files ...
 Files has been saved at (Results.dat) Re(1000) U(0.1000) G(118,118)

======================================================================
 Itterate = 14001 	 T=11.55 
 RMS_Error       = 0.126062400120 
 MAX_ABS_U_Error = 0.003332917947 		 @ -> (114,32) 
 MAX_ABS_V_Error = 0.002836784035 		 @ -> (65,65) 
 MAX_RS_Error    = 4.462683059633 		 @ -> (143,1) 
 Bulk_Velocity_ABS_Error = 0.000157250703 	 @ -> (125,35)
======================================================================
 Updating the output data files ...
 Files has been saved at (Results.dat) Re(1000) U(0.1000) G(118,118)

======================================================================
 Itterate = 15001 	 T=12.37 
 RMS_Error       = 0.130391303265 
 MAX_ABS_U_Error = 0.002905033965 		 @ -> (114,30) 
 MAX_ABS_V_Error = 0.002487703152 		 @ -> (63,64) 
 MAX_RS_Error    = 9.160706292081 		 @ -> (159,56) 
 Bulk_Velocity_ABS_Error = 0.000138550105 	 @ -> (128,34)
======================================================================
 Updating the output data files ...
 Files has been saved at (Results.dat) Re(1000) U(0.1000) G(118,118)

======================================================================
 Itterate = 16001 	 T=13.20 
 RMS_Error       = 0.158991978817 
 MAX_ABS_U_Error = 0.002555356705 		 @ -> (115,28) 
 MAX_ABS_V_Error = 0.002183905153 		 @ -> (63,61) 
 MAX_RS_Error    = 16.036718400718 		 @ -> (94,85) 
 Bulk_Velocity_ABS_Error = 0.000123311865 	 @ -> (127,32)
======================================================================
 Updating the output data files ...
 Files has been saved at (Results.dat) Re(1000) U(0.1000) G(118,118)

======================================================================
 Itterate = 17001 	 T=14.02 
 RMS_Error       = 0.109130249231 
 MAX_ABS_U_Error = 0.002262096556 		 @ -> (116,26) 
 MAX_ABS_V_Error = 0.001925396398 		 @ -> (62,60) 
 MAX_RS_Error    = 5.645300330405 		 @ -> (73,5) 
 Bulk_Velocity_ABS_Error = 0.000110618989 	 @ -> (128,31)
======================================================================
 Updating the output data files ...
 Files has been saved at (Results.dat) Re(1000) U(0.1000) G(118,118)

======================================================================
 Itterate = 18001 	 T=14.85 
 RMS_Error       = 0.116614010971 
 MAX_ABS_U_Error = 0.002017279052 		 @ -> (115,25) 
 MAX_ABS_V_Error = 0.001705924815 		 @ -> (60,61) 
 MAX_RS_Error    = 7.549802632001 		 @ -> (74,5) 
 Bulk_Velocity_ABS_Error = 0.000099742488 	 @ -> (131,31)
======================================================================
 Updating the output data files ...
 Files has been saved at (Results.dat) Re(1000) U(0.1000) G(118,118)

======================================================================
 Itterate = 19001 	 T=15.67 
 RMS_Error       = 0.219723880615 
 MAX_ABS_U_Error = 0.001803882178 		 @ -> (115,24) 
 MAX_ABS_V_Error = 0.001515879599 		 @ -> (60,59) 
 MAX_RS_Error    = 17.780903238679 		 @ -> (66,12) 
 Bulk_Velocity_ABS_Error = 0.000089982879 	 @ -> (131,30)
======================================================================
 Updating the output data files ...
 Files has been saved at (Results.dat) Re(1000) U(0.1000) G(118,118)

======================================================================
 Itterate = 20001 	 T=16.50 
 RMS_Error       = 0.109283813285 
 MAX_ABS_U_Error = 0.001615191880 		 @ -> (115,23) 
 MAX_ABS_V_Error = 0.001349996276 		 @ -> (59,59) 
 MAX_RS_Error    = 5.221330959026 		 @ -> (75,6) 
 Bulk_Velocity_ABS_Error = 0.000081015751 	 @ -> (133,30)
======================================================================
 Updating the output data files ...
 Files has been saved at (Results.dat) Re(1000) U(0.1000) G(118,118)

======================================================================
 Itterate = 21001 	 T=17.32 
 RMS_Error       = 0.095180772876 
 MAX_ABS_U_Error = 0.001445987401 		 @ -> (115,22) 
 MAX_ABS_V_Error = 0.001201379510 		 @ -> (59,58) 
 MAX_RS_Error    = 2.990980647168 		 @ -> (87,1) 
 Bulk_Velocity_ABS_Error = 0.000072699312 	 @ -> (133,29)
======================================================================
 Updating the output data files ...
 Files has been saved at (Results.dat) Re(1000) U(0.1000) G(118,118)

======================================================================
 Itterate = 22001 	 T=18.15 
 RMS_Error       = 0.085331935106 
 MAX_ABS_U_Error = 0.001292728942 		 @ -> (116,21) 
 MAX_ABS_V_Error = 0.001067287742 		 @ -> (58,58) 
 MAX_RS_Error    = 4.087706037479 		 @ -> (89,1) 
 Bulk_Velocity_ABS_Error = 0.000064955131 	 @ -> (133,28)
======================================================================
 Updating the output data files ...
 Files has been saved at (Results.dat) Re(1000) U(0.1000) G(118,118)

======================================================================
 Itterate = 23001 	 T=18.97 
 RMS_Error       = 0.079968494951 
 MAX_ABS_U_Error = 0.001153061644 		 @ -> (116,20) 
 MAX_ABS_V_Error = 0.000946155257 		 @ -> (58,57) 
 MAX_RS_Error    = 4.708339950454 		 @ -> (75,8) 
 Bulk_Velocity_ABS_Error = 0.000057778342 	 @ -> (133,27)
======================================================================
 Updating the output data files ...
 Files has been saved at (Results.dat) Re(1000) U(0.1000) G(118,118)

======================================================================
 Itterate = 24001 	 T=19.80 
 RMS_Error       = 0.071752165725 
 MAX_ABS_U_Error = 0.001024535895 		 @ -> (116,19) 
 MAX_ABS_V_Error = 0.000837681641 		 @ -> (57,58) 
 MAX_RS_Error    = 5.682914671303 		 @ -> (93,82) 
 Bulk_Velocity_ABS_Error = 0.000051236216 	 @ -> (132,26)
======================================================================
 Updating the output data files ...
 Files has been saved at (Results.dat) Re(1000) U(0.1000) G(118,118)

======================================================================
 Itterate = 25001 	 T=20.62 
 RMS_Error       = 0.049304578524 
 MAX_ABS_U_Error = 0.000909120863 		 @ -> (115,19) 
 MAX_ABS_V_Error = 0.000741788654 		 @ -> (57,57) 
 MAX_RS_Error    = 1.816838749040 		 @ -> (76,8) 
 Bulk_Velocity_ABS_Error = 0.000045331443 	 @ -> (124,23)
======================================================================
 Updating the output data files ...
 Files has been saved at (Results.dat) Re(1000) U(0.1000) G(118,118)

======================================================================
 Itterate = 26001 	 T=21.45 
 RMS_Error       = 0.060396530834 
 MAX_ABS_U_Error = 0.000802032103 		 @ -> (116,18) 
 MAX_ABS_V_Error = 0.000655997982 		 @ -> (57,56) 
 MAX_RS_Error    = 5.353343785085 		 @ -> (63,18) 
 Bulk_Velocity_ABS_Error = 0.000040151377 	 @ -> (119,22)
======================================================================
 Updating the output data files ...
 Files has been saved at (Results.dat) Re(1000) U(0.1000) G(118,118)

======================================================================
 Itterate = 27001 	 T=22.27 
 RMS_Error       = 0.039412422604 
 MAX_ABS_U_Error = 0.000705775198 		 @ -> (115,18) 
 MAX_ABS_V_Error = 0.000579471218 		 @ -> (57,56) 
 MAX_RS_Error    = 2.022105627882 		 @ -> (161,52) 
 Bulk_Velocity_ABS_Error = 0.000035339965 	 @ -> (116,22)
======================================================================
 Updating the output data files ...
 Files has been saved at (Results.dat) Re(1000) U(0.1000) G(118,118)

======================================================================
 Itterate = 28001 	 T=23.09 
 RMS_Error       = 0.031151937288 
 MAX_ABS_U_Error = 0.000617594578 		 @ -> (114,18) 
 MAX_ABS_V_Error = 0.000509972619 		 @ -> (56,57) 
 MAX_RS_Error    = 1.015071263217 		 @ -> (76,9) 
 Bulk_Velocity_ABS_Error = 0.000031102452 	 @ -> (117,21)
======================================================================
 Updating the output data files ...
 Files has been saved at (Results.dat) Re(1000) U(0.1000) G(118,118)

======================================================================
 Itterate = 29001 	 T=23.92 
 RMS_Error       = 0.045266391184 
 MAX_ABS_U_Error = 0.000538729171 		 @ -> (115,17) 
 MAX_ABS_V_Error = 0.000446855698 		 @ -> (56,56) 
 MAX_RS_Error    = 4.782172590539 		 @ -> (76,9) 
 Bulk_Velocity_ABS_Error = 0.000027200247 	 @ -> (116,21)
======================================================================
 Updating the output data files ...
 Files has been saved at (Results.dat) Re(1000) U(0.1000) G(118,118)

======================================================================
 Itterate = 30001 	 T=24.74 
 RMS_Error       = 0.024259295211 
 MAX_ABS_U_Error = 0.000468612736 		 @ -> (115,17) 
 MAX_ABS_V_Error = 0.000389521433 		 @ -> (56,56) 
 MAX_RS_Error    = 1.001103939254 		 @ -> (76,9) 
 Bulk_Velocity_ABS_Error = 0.000023649414 	 @ -> (114,21)
======================================================================
 Updating the output data files ...
 Files has been saved at (Results.dat) Re(1000) U(0.1000) G(118,118)

======================================================================
 Itterate = 31001 	 T=25.57 
 RMS_Error       = 0.019950666235 
 MAX_ABS_U_Error = 0.000406041493 		 @ -> (115,17) 
 MAX_ABS_V_Error = 0.000337964854 		 @ -> (55,57) 
 MAX_RS_Error    = 0.726273438962 		 @ -> (161,17) 
 Bulk_Velocity_ABS_Error = 0.000020514127 	 @ -> (116,20)
======================================================================
 Updating the output data files ...
 Files has been saved at (Results.dat) Re(1000) U(0.1000) G(118,118)

======================================================================
 Itterate = 32001 	 T=26.39 
 RMS_Error       = 0.017407137027 
 MAX_ABS_U_Error = 0.000350854894 		 @ -> (114,17) 
 MAX_ABS_V_Error = 0.000292286023 		 @ -> (55,57) 
 MAX_RS_Error    = 0.905229607962 		 @ -> (161,17) 
 Bulk_Velocity_ABS_Error = 0.000017771815 	 @ -> (116,20)
======================================================================
 Updating the output data files ...
 Files has been saved at (Results.dat) Re(1000) U(0.1000) G(118,118)

======================================================================
 Itterate = 33001 	 T=27.22 
 RMS_Error       = 0.014492649785 
 MAX_ABS_U_Error = 0.000302735758 		 @ -> (115,16) 
 MAX_ABS_V_Error = 0.000252476066 		 @ -> (55,57) 
 MAX_RS_Error    = 0.657358813971 		 @ -> (161,17) 
 Bulk_Velocity_ABS_Error = 0.000015365056 	 @ -> (115,20)
======================================================================
 Updating the output data files ...
 Files has been saved at (Results.dat) Re(1000) U(0.1000) G(118,118)

======================================================================
 Itterate = 34001 	 T=28.04 
 RMS_Error       = 0.012224557039 
 MAX_ABS_U_Error = 0.000260612214 		 @ -> (115,16) 
 MAX_ABS_V_Error = 0.000218209620 		 @ -> (55,56) 
 MAX_RS_Error    = 0.451978112197 		 @ -> (62,20) 
 Bulk_Velocity_ABS_Error = 0.000013267305 	 @ -> (115,20)
======================================================================
 Updating the output data files ...
 Files has been saved at (Results.dat) Re(1000) U(0.1000) G(118,118)

======================================================================
 Itterate = 35001 	 T=28.87 
 RMS_Error       = 0.011127416876 
 MAX_ABS_U_Error = 0.000223820119 		 @ -> (115,16) 
 MAX_ABS_V_Error = 0.000188671849 		 @ -> (55,56) 
 MAX_RS_Error    = 0.667255190697 		 @ -> (62,20) 
 Bulk_Velocity_ABS_Error = 0.000011442700 	 @ -> (114,20)
======================================================================
 Updating the output data files ...
 Files has been saved at (Results.dat) Re(1000) U(0.1000) G(118,118)

======================================================================
 Itterate = 36001 	 T=29.69 
 RMS_Error       = 0.013827334089 
 MAX_ABS_U_Error = 0.000191857273 		 @ -> (115,16) 
 MAX_ABS_V_Error = 0.000162885441 		 @ -> (55,56) 
 MAX_RS_Error    = 1.420163116824 		 @ -> (62,20) 
 Bulk_Velocity_ABS_Error = 0.000009848670 	 @ -> (114,20)
======================================================================
 Updating the output data files ...
 Files has been saved at (Results.dat) Re(1000) U(0.1000) G(118,118)

======================================================================
 Itterate = 37001 	 T=30.52 
 RMS_Error       = 0.019117544298 
 MAX_ABS_U_Error = 0.000164221679 		 @ -> (115,16) 
 MAX_ABS_V_Error = 0.000140218541 		 @ -> (53,59) 
 MAX_RS_Error    = 2.290397255688 		 @ -> (62,20) 
 Bulk_Velocity_ABS_Error = 0.000008454401 	 @ -> (113,20)
======================================================================
 Updating the output data files ...
 Files has been saved at (Results.dat) Re(1000) U(0.1000) G(118,118)

======================================================================
 Itterate = 38001 	 T=31.34 
 RMS_Error       = 0.008306238561 
 MAX_ABS_U_Error = 0.000140428571 		 @ -> (114,16) 
 MAX_ABS_V_Error = 0.000120285162 		 @ -> (53,59) 
 MAX_RS_Error    = 0.726992417134 		 @ -> (62,20) 
 Bulk_Velocity_ABS_Error = 0.000007239337 	 @ -> (113,20)
======================================================================
 Updating the output data files ...
 Files has been saved at (Results.dat) Re(1000) U(0.1000) G(118,118)

======================================================================
 Itterate = 39001 	 T=32.17 
 RMS_Error       = 0.005986686565 
 MAX_ABS_U_Error = 0.000120000349 		 @ -> (114,16) 
 MAX_ABS_V_Error = 0.000102824105 		 @ -> (53,59) 
 MAX_RS_Error    = 0.391124079002 		 @ -> (62,20) 
 Bulk_Velocity_ABS_Error = 0.000006187711 	 @ -> (113,20)
======================================================================
 Updating the output data files ...
 Files has been saved at (Results.dat) Re(1000) U(0.1000) G(118,118)

======================================================================
 Itterate = 40001 	 T=32.99 
 RMS_Error       = 0.004752578437 
 MAX_ABS_U_Error = 0.000102492119 		 @ -> (114,16) 
 MAX_ABS_V_Error = 0.000087759151 		 @ -> (53,59) 
 MAX_RS_Error    = 0.250843041313 		 @ -> (62,20) 
 Bulk_Velocity_ABS_Error = 0.000005286824 	 @ -> (113,20)
======================================================================
 Updating the output data files ...
 Files has been saved at (Results.dat) Re(1000) U(0.1000) G(118,118)

======================================================================
 Itterate = 41001 	 T=33.82 
 RMS_Error       = 0.003886834044 
 MAX_ABS_U_Error = 0.000087494202 		 @ -> (114,16) 
 MAX_ABS_V_Error = 0.000074970664 		 @ -> (53,59) 
 MAX_RS_Error    = 0.174923258028 		 @ -> (62,20) 
 Bulk_Velocity_ABS_Error = 0.000004521410 	 @ -> (112,20)
======================================================================
 Updating the output data files ...
 Files has been saved at (Results.dat) Re(1000) U(0.1000) G(118,118)

======================================================================
 Itterate = 42001 	 T=34.64 
 RMS_Error       = 0.003240906894 
 MAX_ABS_U_Error = 0.000074645168 		 @ -> (114,16) 
 MAX_ABS_V_Error = 0.000064216469 		 @ -> (54,57) 
 MAX_RS_Error    = 0.129294208872 		 @ -> (62,20) 
 Bulk_Velocity_ABS_Error = 0.000003871446 	 @ -> (112,20)
======================================================================
 Updating the output data files ...
 Files has been saved at (Results.dat) Re(1000) U(0.1000) G(118,118)

======================================================================
 Itterate = 43001 	 T=35.47 
 RMS_Error       = 0.002748436193 
 MAX_ABS_U_Error = 0.000063638516 		 @ -> (114,16) 
 MAX_ABS_V_Error = 0.000055137021 		 @ -> (53,59) 
 MAX_RS_Error    = 0.100474207096 		 @ -> (62,20) 
 Bulk_Velocity_ABS_Error = 0.000003316617 	 @ -> (112,20)
======================================================================
 Updating the output data files ...
 Files has been saved at (Results.dat) Re(1000) U(0.1000) G(118,118)

======================================================================
 Itterate = 44001 	 T=36.29 
 RMS_Error       = 0.002357654798 
 MAX_ABS_U_Error = 0.000054219732 		 @ -> (114,16) 
 MAX_ABS_V_Error = 0.000047371441 		 @ -> (53,59) 
 MAX_RS_Error    = 0.081241239579 		 @ -> (62,20) 
 Bulk_Velocity_ABS_Error = 0.000002839165 	 @ -> (113,20)
======================================================================
 Updating the output data files ...
 Files has been saved at (Results.dat) Re(1000) U(0.1000) G(118,118)

======================================================================
 Itterate = 45001 	 T=37.12 
 RMS_Error       = 0.002027162154 
 MAX_ABS_U_Error = 0.000046175714 		 @ -> (114,16) 
 MAX_ABS_V_Error = 0.000040621929 		 @ -> (53,59) 
 MAX_RS_Error    = 0.067156381522 		 @ -> (62,20) 
 Bulk_Velocity_ABS_Error = 0.000002425928 	 @ -> (113,20)
======================================================================
 Updating the output data files ...
 Files has been saved at (Results.dat) Re(1000) U(0.1000) G(118,118)

======================================================================
 Itterate = 46001 	 T=37.94 
 RMS_Error       = 0.001731331780 
 MAX_ABS_U_Error = 0.000039321858 		 @ -> (114,16) 
 MAX_ABS_V_Error = 0.000034713246 		 @ -> (53,59) 
 MAX_RS_Error    = 0.055667469077 		 @ -> (62,20) 
 Bulk_Velocity_ABS_Error = 0.000002068582 	 @ -> (112,20)
======================================================================
 Updating the output data files ...
 Files has been saved at (Results.dat) Re(1000) U(0.1000) G(118,118)

======================================================================
 Itterate = 47001 	 T=38.77 
 RMS_Error       = 0.001462131486 
 MAX_ABS_U_Error = 0.000033492140 		 @ -> (114,16) 
 MAX_ABS_V_Error = 0.000029573230 		 @ -> (53,59) 
 MAX_RS_Error    = 0.045677132667 		 @ -> (62,20) 
 Bulk_Velocity_ABS_Error = 0.000001762153 	 @ -> (112,20)
======================================================================
 Updating the output data files ...
 Files has been saved at (Results.dat) Re(1000) U(0.1000) G(118,118)

======================================================================
 Itterate = 48001 	 T=39.59 
 RMS_Error       = 0.001224162244 
 MAX_ABS_U_Error = 0.000028535093 		 @ -> (114,16) 
 MAX_ABS_V_Error = 0.000025175524 		 @ -> (53,59) 
 MAX_RS_Error    = 0.037033989505 		 @ -> (62,20) 
 Bulk_Velocity_ABS_Error = 0.000001502081 	 @ -> (112,20)
======================================================================
 Updating the output data files ...
 Files has been saved at (Results.dat) Re(1000) U(0.1000) G(118,118)

======================================================================
 Itterate = 49001 	 T=40.42 
 RMS_Error       = 0.001025102806 
 MAX_ABS_U_Error = 0.000024315128 		 @ -> (114,16) 
 MAX_ABS_V_Error = 0.000021480069 		 @ -> (53,59) 
 MAX_RS_Error    = 0.029962760224 		 @ -> (62,20) 
 Bulk_Velocity_ABS_Error = 0.000001282946 	 @ -> (112,20)
======================================================================
 Updating the output data files ...
 Files has been saved at (Results.dat) Re(1000) U(0.1000) G(118,118)

======================================================================
 Itterate = 50001 	 T=41.24 
 RMS_Error       = 0.000867198459 
 MAX_ABS_U_Error = 0.000020715903 		 @ -> (114,16) 
 MAX_ABS_V_Error = 0.000018402906 		 @ -> (53,59) 
 MAX_RS_Error    = 0.024753602932 		 @ -> (94,1) 
 Bulk_Velocity_ABS_Error = 0.000001098366 	 @ -> (113,20)
======================================================================
 Updating the output data files ...
 Files has been saved at (Results.dat) Re(1000) U(0.1000) G(118,118)

======================================================================
 Itterate = 51001 	 T=42.06 
 RMS_Error       = 0.000744545523 
 MAX_ABS_U_Error = 0.000017642050 		 @ -> (114,16) 
 MAX_ABS_V_Error = 0.000015824287 		 @ -> (53,59) 
 MAX_RS_Error    = 0.021807796875 		 @ -> (94,1) 
 Bulk_Velocity_ABS_Error = 0.000000944422 	 @ -> (48,71)
======================================================================
 Updating the output data files ...
 Files has been saved at (Results.dat) Re(1000) U(0.1000) G(118,118)

======================================================================
 Itterate = 52001 	 T=42.89 
 RMS_Error       = 0.000646110525 
 MAX_ABS_U_Error = 0.000015017381 		 @ -> (114,16) 
 MAX_ABS_V_Error = 0.000013622944 		 @ -> (52,61) 
 MAX_RS_Error    = 0.019465192225 		 @ -> (94,1) 
 Bulk_Velocity_ABS_Error = 0.000000817829 	 @ -> (48,71)
======================================================================
 Updating the output data files ...
 Files has been saved at (Results.dat) Re(1000) U(0.1000) G(118,118)

======================================================================
 Itterate = 53001 	 T=43.71 
 RMS_Error       = 0.000560836569 
 MAX_ABS_U_Error = 0.000012783476 		 @ -> (112,17) 
 MAX_ABS_V_Error = 0.000011714258 		 @ -> (52,61) 
 MAX_RS_Error    = 0.017644317650 		 @ -> (76,10) 
 Bulk_Velocity_ABS_Error = 0.000000708114 	 @ -> (48,72)
======================================================================
 Updating the output data files ...
 Files has been saved at (Results.dat) Re(1000) U(0.1000) G(118,118)

======================================================================
 Itterate = 54001 	 T=44.54 
 RMS_Error       = 0.000481742458 
 MAX_ABS_U_Error = 0.000010882122 		 @ -> (113,17) 
 MAX_ABS_V_Error = 0.000010032841 		 @ -> (52,61) 
 MAX_RS_Error    = 0.015836852112 		 @ -> (76,10) 
 Bulk_Velocity_ABS_Error = 0.000000611076 	 @ -> (48,72)
======================================================================
 Updating the output data files ...
 Files has been saved at (Results.dat) Re(1000) U(0.1000) G(118,118)

======================================================================
 Itterate = 55001 	 T=45.36 
 RMS_Error       = 0.000407500554 
 MAX_ABS_U_Error = 0.000009267069 		 @ -> (113,17) 
 MAX_ABS_V_Error = 0.000008562921 		 @ -> (52,61) 
 MAX_RS_Error    = 0.013793905920 		 @ -> (76,10) 
 Bulk_Velocity_ABS_Error = 0.000000524491 	 @ -> (48,72)
======================================================================
 Updating the output data files ...
 Files has been saved at (Results.dat) Re(1000) U(0.1000) G(118,118)

======================================================================
 Itterate = 56001 	 T=46.19 
 RMS_Error       = 0.000340977825 
 MAX_ABS_U_Error = 0.000007897844 		 @ -> (113,17) 
 MAX_ABS_V_Error = 0.000007305360 		 @ -> (51,63) 
 MAX_RS_Error    = 0.011676738580 		 @ -> (76,10) 
 Bulk_Velocity_ABS_Error = 0.000000448844 	 @ -> (48,72)
======================================================================
 Updating the output data files ...
 Files has been saved at (Results.dat) Re(1000) U(0.1000) G(118,118)

======================================================================
 Itterate = 57001 	 T=47.01 
 RMS_Error       = 0.000285764796 
 MAX_ABS_U_Error = 0.000006736799 		 @ -> (113,17) 
 MAX_ABS_V_Error = 0.000006254126 		 @ -> (51,63) 
 MAX_RS_Error    = 0.009777788637 		 @ -> (76,10) 
 Bulk_Velocity_ABS_Error = 0.000000384867 	 @ -> (48,72)
======================================================================
 Updating the output data files ...
 Files has been saved at (Results.dat) Re(1000) U(0.1000) G(118,118)

======================================================================
 Itterate = 58001 	 T=47.84 
 RMS_Error       = 0.000243070157 
 MAX_ABS_U_Error = 0.000005749178 		 @ -> (113,17) 
 MAX_ABS_V_Error = 0.000005386039 		 @ -> (51,63) 
 MAX_RS_Error    = 0.008316802120 		 @ -> (76,10) 
 Bulk_Velocity_ABS_Error = 0.000000332176 	 @ -> (48,72)
======================================================================
 Updating the output data files ...
 Files has been saved at (Results.dat) Re(1000) U(0.1000) G(118,118)

======================================================================
 Itterate = 59001 	 T=48.66 
 RMS_Error       = 0.000210904392 
 MAX_ABS_U_Error = 0.000004905403 		 @ -> (113,17) 
 MAX_ABS_V_Error = 0.000004664090 		 @ -> (51,63) 
 MAX_RS_Error    = 0.007321654299 		 @ -> (76,10) 
 Bulk_Velocity_ABS_Error = 0.000000288956 	 @ -> (47,74)
======================================================================
 Updating the output data files ...
 Files has been saved at (Results.dat) Re(1000) U(0.1000) G(118,118)

======================================================================
 Itterate = 60001 	 T=49.49 
 RMS_Error       = 0.000185410404 
 MAX_ABS_U_Error = 0.000004182403 		 @ -> (113,17) 
 MAX_ABS_V_Error = 0.000004047486 		 @ -> (51,63) 
 MAX_RS_Error    = 0.006643187234 		 @ -> (76,10) 
 Bulk_Velocity_ABS_Error = 0.000000252762 	 @ -> (47,74)
======================================================================
 Updating the output data files ...
 Files has been saved at (Results.dat) Re(1000) U(0.1000) G(118,118)

======================================================================
 Itterate = 61001 	 T=50.31 
 RMS_Error       = 0.000162833813 
 MAX_ABS_U_Error = 0.000003563122 		 @ -> (113,17) 
 MAX_ABS_V_Error = 0.000003508902 		 @ -> (50,65) 
 MAX_RS_Error    = 0.006066050564 		 @ -> (76,10) 
 Bulk_Velocity_ABS_Error = 0.000000221162 	 @ -> (47,75)
======================================================================
 Updating the output data files ...
 Files has been saved at (Results.dat) Re(1000) U(0.1000) G(118,118)

======================================================================
 Itterate = 62001 	 T=51.14 
 RMS_Error       = 0.000141018275 
 MAX_ABS_U_Error = 0.000003035961 		 @ -> (112,18) 
 MAX_ABS_V_Error = 0.000003029056 		 @ -> (49,67) 
 MAX_RS_Error    = 0.005432788944 		 @ -> (76,10) 
 Bulk_Velocity_ABS_Error = 0.000000192802 	 @ -> (47,75)
======================================================================
 Updating the output data files ...
 Files has been saved at (Results.dat) Re(1000) U(0.1000) G(118,118)

======================================================================
 Itterate = 63001 	 T=51.96 
 RMS_Error       = 0.000119911495 
 MAX_ABS_U_Error = 0.000002588473 		 @ -> (112,18) 
 MAX_ABS_V_Error = 0.000002607007 		 @ -> (49,67) 
 MAX_RS_Error    = 0.004709865962 		 @ -> (76,10) 
 Bulk_Velocity_ABS_Error = 0.000000167087 	 @ -> (47,75)
======================================================================
 Updating the output data files ...
 Files has been saved at (Results.dat) Re(1000) U(0.1000) G(118,118)

======================================================================
 Itterate = 64001 	 T=52.79 
 RMS_Error       = 0.000100906749 
 MAX_ABS_U_Error = 0.000002210331 		 @ -> (112,18) 
 MAX_ABS_V_Error = 0.000002242042 		 @ -> (49,67) 
 MAX_RS_Error    = 0.003971915105 		 @ -> (76,10) 
 Bulk_Velocity_ABS_Error = 0.000000144420 	 @ -> (47,75)
======================================================================
 Updating the output data files ...
 Files has been saved at (Results.dat) Re(1000) U(0.1000) G(118,118)

======================================================================
 Itterate = 65001 	 T=53.61 
 RMS_Error       = 0.000085472780 
 MAX_ABS_U_Error = 0.000001891240 		 @ -> (112,18) 
 MAX_ABS_V_Error = 0.000001936711 		 @ -> (49,67) 
 MAX_RS_Error    = 0.003330451959 		 @ -> (76,10) 
 Bulk_Velocity_ABS_Error = 0.000000125308 	 @ -> (47,76)
======================================================================
 Updating the output data files ...
 Files has been saved at (Results.dat) Re(1000) U(0.1000) G(118,118)

======================================================================
 Itterate = 66001 	 T=54.44 
 RMS_Error       = 0.000074029517 
 MAX_ABS_U_Error = 0.000001620517 		 @ -> (112,18) 
 MAX_ABS_V_Error = 0.000001687070 		 @ -> (48,69) 
 MAX_RS_Error    = 0.002858475022 		 @ -> (76,10) 
 Bulk_Velocity_ABS_Error = 0.000000109730 	 @ -> (47,76)
======================================================================
 Updating the output data files ...
 Files has been saved at (Results.dat) Re(1000) U(0.1000) G(118,118)

======================================================================
 Itterate = 67001 	 T=55.26 
 RMS_Error       = 0.000065774736 
 MAX_ABS_U_Error = 0.000001392309 		 @ -> (111,19) 
 MAX_ABS_V_Error = 0.000001481666 		 @ -> (49,68) 
 MAX_RS_Error    = 0.002553582254 		 @ -> (76,10) 
 Bulk_Velocity_ABS_Error = 0.000000097048 	 @ -> (47,76)
======================================================================
 Updating the output data files ...
 Files has been saved at (Results.dat) Re(1000) U(0.1000) G(118,118)

======================================================================
 Itterate = 68001 	 T=56.09 
 RMS_Error       = 0.000059295730 
 MAX_ABS_U_Error = 0.000001195654 		 @ -> (111,19) 
 MAX_ABS_V_Error = 0.000001307768 		 @ -> (48,70) 
 MAX_RS_Error    = 0.002351413287 		 @ -> (76,10) 
 Bulk_Velocity_ABS_Error = 0.000000086432 	 @ -> (47,77)
======================================================================
 Updating the output data files ...
 Files has been saved at (Results.dat) Re(1000) U(0.1000) G(118,118)

======================================================================
 Itterate = 69001 	 T=56.91 
 RMS_Error       = 0.000053322516 
 MAX_ABS_U_Error = 0.000001036094 		 @ -> (65,126) 
 MAX_ABS_V_Error = 0.000001153921 		 @ -> (47,72) 
 MAX_RS_Error    = 0.002170830611 		 @ -> (76,10) 
 Bulk_Velocity_ABS_Error = 0.000000077023 	 @ -> (47,77)
======================================================================
 Updating the output data files ...
 Files has been saved at (Results.dat) Re(1000) U(0.1000) G(118,118)

======================================================================
 Itterate = 70001 	 T=57.74 
 RMS_Error       = 0.000047236690 
 MAX_ABS_U_Error = 0.000000962466 		 @ -> (66,126) 
 MAX_ABS_V_Error = 0.000001015130 		 @ -> (47,73) 
 MAX_RS_Error    = 0.001958811616 		 @ -> (76,10) 
 Bulk_Velocity_ABS_Error = 0.000000069298 	 @ -> (69,128)
======================================================================
 Updating the output data files ...
 Files has been saved at (Results.dat) Re(1000) U(0.1000) G(118,118)

======================================================================
 Itterate = 71001 	 T=58.56 
 RMS_Error       = 0.000041183663 
 MAX_ABS_U_Error = 0.000000890587 		 @ -> (67,126) 
 MAX_ABS_V_Error = 0.000000889865 		 @ -> (46,75) 
 MAX_RS_Error    = 0.001710350574 		 @ -> (76,10) 
 Bulk_Velocity_ABS_Error = 0.000000064168 	 @ -> (69,128)
======================================================================
 Updating the output data files ...
 Files has been saved at (Results.dat) Re(1000) U(0.1000) G(118,118)

======================================================================
 Itterate = 72001 	 T=59.39 
 RMS_Error       = 0.000035754427 
 MAX_ABS_U_Error = 0.000000815925 		 @ -> (68,126) 
 MAX_ABS_V_Error = 0.000000779994 		 @ -> (46,75) 
 MAX_RS_Error    = 0.001457998052 		 @ -> (76,10) 
 Bulk_Velocity_ABS_Error = 0.000000058855 	 @ -> (69,128)
======================================================================
 Updating the output data files ...
 Files has been saved at (Results.dat) Re(1000) U(0.1000) G(118,118)

======================================================================
 Itterate = 73001 	 T=60.21 
 RMS_Error       = 0.000031455891 
 MAX_ABS_U_Error = 0.000000740702 		 @ -> (69,126) 
 MAX_ABS_V_Error = 0.000000687793 		 @ -> (46,76) 
 MAX_RS_Error    = 0.001243470772 		 @ -> (76,10) 
 Bulk_Velocity_ABS_Error = 0.000000053431 	 @ -> (70,128)
======================================================================
 Updating the output data files ...
 Files has been saved at (Results.dat) Re(1000) U(0.1000) G(118,118)

======================================================================
 Itterate = 74001 	 T=61.03 
 RMS_Error       = 0.000028359765 
 MAX_ABS_U_Error = 0.000000671075 		 @ -> (70,125) 
 MAX_ABS_V_Error = 0.000000612513 		 @ -> (47,75) 
 MAX_RS_Error    = 0.001090822807 		 @ -> (76,10) 
 Bulk_Velocity_ABS_Error = 0.000000048297 	 @ -> (70,128)
======================================================================
 Updating the output data files ...
 Files has been saved at (Results.dat) Re(1000) U(0.1000) G(118,118)

======================================================================
 Itterate = 75001 	 T=61.86 
 RMS_Error       = 0.000026138436 
 MAX_ABS_U_Error = 0.000000613506 		 @ -> (70,125) 
 MAX_ABS_V_Error = 0.000000563204 		 @ -> (122,83) 
 MAX_RS_Error    = 0.000995501523 		 @ -> (76,10) 
 Bulk_Velocity_ABS_Error = 0.000000043924 	 @ -> (70,127)
======================================================================
 Updating the output data files ...
 Files has been saved at (Results.dat) Re(1000) U(0.1000) G(118,118)

======================================================================
 Itterate = 76001 	 T=62.68 
 RMS_Error       = 0.000024322532 
 MAX_ABS_U_Error = 0.000000568050 		 @ -> (70,125) 
 MAX_ABS_V_Error = 0.000000521937 		 @ -> (122,82) 
 MAX_RS_Error    = 0.000931757727 		 @ -> (76,10) 
 Bulk_Velocity_ABS_Error = 0.000000040466 	 @ -> (70,127)
======================================================================
 Updating the output data files ...
 Files has been saved at (Results.dat) Re(1000) U(0.1000) G(118,118)

======================================================================
 Itterate = 77001 	 T=63.51 
 RMS_Error       = 0.000022538342 
 MAX_ABS_U_Error = 0.000000532351 		 @ -> (71,124) 
 MAX_ABS_V_Error = 0.000000488105 		 @ -> (122,82) 
 MAX_RS_Error    = 0.000870264234 		 @ -> (76,10) 
 Bulk_Velocity_ABS_Error = 0.000000037723 	 @ -> (70,127)
======================================================================
 Updating the output data files ...
 Files has been saved at (Results.dat) Re(1000) U(0.1000) G(118,118)

======================================================================
 Itterate = 78001 	 T=64.33 
 RMS_Error       = 0.000020644486 
 MAX_ABS_U_Error = 0.000000500407 		 @ -> (71,124) 
 MAX_ABS_V_Error = 0.000000460670 		 @ -> (121,83) 
 MAX_RS_Error    = 0.000793929078 		 @ -> (76,10) 
 Bulk_Velocity_ABS_Error = 0.000000035351 	 @ -> (70,127)
======================================================================
 Updating the output data files ...
 Files has been saved at (Results.dat) Re(1000) U(0.1000) G(118,118)

======================================================================
 Itterate = 79001 	 T=65.16 
 RMS_Error       = 0.000018735903 
 MAX_ABS_U_Error = 0.000000468050 		 @ -> (71,124) 
 MAX_ABS_V_Error = 0.000000436636 		 @ -> (121,83) 
 MAX_RS_Error    = 0.000703600767 		 @ -> (76,10) 
 Bulk_Velocity_ABS_Error = 0.000000033035 	 @ -> (70,127)
======================================================================
 Updating the output data files ...
 Files has been saved at (Results.dat) Re(1000) U(0.1000) G(118,118)

======================================================================
 Itterate = 80001 	 T=65.98 
 RMS_Error       = 0.000017012917 
 MAX_ABS_U_Error = 0.000000434356 		 @ -> (72,124) 
 MAX_ABS_V_Error = 0.000000412729 		 @ -> (121,83) 
 MAX_RS_Error    = 0.000612807811 		 @ -> (76,10) 
 Bulk_Velocity_ABS_Error = 0.000000030638 	 @ -> (70,127)
======================================================================
 Updating the output data files ...
 Files has been saved at (Results.dat) Re(1000) U(0.1000) G(118,118)

======================================================================
 Itterate = 81001 	 T=66.81 
 RMS_Error       = 0.000015613213 
 MAX_ABS_U_Error = 0.000000400961 		 @ -> (73,123) 
 MAX_ABS_V_Error = 0.000000387714 		 @ -> (121,83) 
 MAX_RS_Error    = 0.000536846527 		 @ -> (76,10) 
 Bulk_Velocity_ABS_Error = 0.000000028234 	 @ -> (71,126)
======================================================================
 Updating the output data files ...
 Files has been saved at (Results.dat) Re(1000) U(0.1000) G(118,118)

======================================================================
 Itterate = 82001 	 T=67.63 
 RMS_Error       = 0.000014535521 
 MAX_ABS_U_Error = 0.000000370389 		 @ -> (73,123) 
 MAX_ABS_V_Error = 0.000000362347 		 @ -> (121,82) 
 MAX_RS_Error    = 0.000483422817 		 @ -> (76,10) 
 Bulk_Velocity_ABS_Error = 0.000000025993 	 @ -> (71,126)
======================================================================
 Updating the output data files ...
 Files has been saved at (Results.dat) Re(1000) U(0.1000) G(118,118)

======================================================================
 Itterate = 83001 	 T=68.46 
 RMS_Error       = 0.000013677194 
 MAX_ABS_U_Error = 0.000000344329 		 @ -> (73,122) 
 MAX_ABS_V_Error = 0.000000338054 		 @ -> (121,82) 
 MAX_RS_Error    = 0.000449607951 		 @ -> (76,10) 
 Bulk_Velocity_ABS_Error = 0.000000024050 	 @ -> (71,126)
======================================================================
 Updating the output data files ...
 Files has been saved at (Results.dat) Re(1000) U(0.1000) G(118,118)

======================================================================
 Itterate = 84001 	 T=69.28 
 RMS_Error       = 0.000012909112 
 MAX_ABS_U_Error = 0.000000323149 		 @ -> (73,122) 
 MAX_ABS_V_Error = 0.000000316225 		 @ -> (121,81) 
 MAX_RS_Error    = 0.000425375623 		 @ -> (76,10) 
 Bulk_Velocity_ABS_Error = 0.000000022439 	 @ -> (71,126)
======================================================================
 Updating the output data files ...
 Files has been saved at (Results.dat) Re(1000) U(0.1000) G(118,118)

======================================================================
 Itterate = 85001 	 T=70.11 
 RMS_Error       = 0.000012135639 
 MAX_ABS_U_Error = 0.000000304823 		 @ -> (74,121) 
 MAX_ABS_V_Error = 0.000000297342 		 @ -> (121,81) 
 MAX_RS_Error    = 0.000400307693 		 @ -> (76,10) 
 Bulk_Velocity_ABS_Error = 0.000000021082 	 @ -> (71,126)
======================================================================
 Updating the output data files ...
 Files has been saved at (Results.dat) Re(1000) U(0.1000) G(118,118)

======================================================================
 Itterate = 86001 	 T=70.93 
 RMS_Error       = 0.000011329244 
 MAX_ABS_U_Error = 0.000000287606 		 @ -> (74,121) 
 MAX_ABS_V_Error = 0.000000280860 		 @ -> (120,82) 
 MAX_RS_Error    = 0.000369059710 		 @ -> (76,10) 
 Bulk_Velocity_ABS_Error = 0.000000019849 	 @ -> (71,126)
======================================================================
 Updating the output data files ...
 Files has been saved at (Results.dat) Re(1000) U(0.1000) G(118,118)

======================================================================
 Itterate = 87001 	 T=71.76 
 RMS_Error       = 0.000010526472 
 MAX_ABS_U_Error = 0.000000270145 		 @ -> (74,121) 
 MAX_ABS_V_Error = 0.000000265697 		 @ -> (120,82) 
 MAX_RS_Error    = 0.000332865746 		 @ -> (76,10) 
 Bulk_Velocity_ABS_Error = 0.000000018633 	 @ -> (71,126)
======================================================================
 Updating the output data files ...
 Files has been saved at (Results.dat) Re(1000) U(0.1000) G(118,118)

======================================================================
 Itterate = 88001 	 T=72.58 
 RMS_Error       = 0.000009786339 
 MAX_ABS_U_Error = 0.000000252440 		 @ -> (74,121) 
 MAX_ABS_V_Error = 0.000000250803 		 @ -> (120,82) 
 MAX_RS_Error    = 0.000297147487 		 @ -> (76,10) 
 Bulk_Velocity_ABS_Error = 0.000000017400 	 @ -> (71,126)
======================================================================
 Updating the output data files ...
 Files has been saved at (Results.dat) Re(1000) U(0.1000) G(118,118)

 CONVERGED by Error criteria.
