 CSKM D2Z6 Gr(185,185) U(0.1000) Re(1000) 
======================================================================
 Itterate = 1001 	 T=0.52 
 RMS_Error       = 1.000000000000 
 MAX_ABS_U_Error = 0.092234899729 		 @ -> (104,220) 
 MAX_ABS_V_Error = 0.049331237214 		 @ -> (186,213) 
 MAX_RS_Error    = 1.000000000000 		 @ -> (0,221) 
 Bulk_Velocity_ABS_Error = 0.008507321353 	 @ -> (104,220)
======================================================================
 Updating the output data files ...
 Files has been saved at (Results.dat) Re(1000) U(0.1000) G(185,185)

======================================================================
 Itterate = 2001 	 T=1.05 
 RMS_Error       = 0.679119997338 
 MAX_ABS_U_Error = 0.024482765678 		 @ -> (169,212) 
 MAX_ABS_V_Error = 0.033489803110 		 @ -> (191,197) 
 MAX_RS_Error    = 61.435024756371 		 @ -> (133,1) 
 Bulk_Velocity_ABS_Error = 0.002562869160 	 @ -> (190,200)
======================================================================
 Updating the output data files ...
 Files has been saved at (Results.dat) Re(1000) U(0.1000) G(185,185)

======================================================================
 Itterate = 3001 	 T=1.57 
 RMS_Error       = 0.387202460686 
 MAX_ABS_U_Error = 0.020300752452 		 @ -> (189,171) 
 MAX_ABS_V_Error = 0.025086847226 		 @ -> (196,182) 
 MAX_RS_Error    = 17.949901853397 		 @ -> (173,190) 
 Bulk_Velocity_ABS_Error = 0.002009891459 	 @ -> (195,184)
======================================================================
 Updating the output data files ...
 Files has been saved at (Results.dat) Re(1000) U(0.1000) G(185,185)

======================================================================
 Itterate = 4001 	 T=2.09 
 RMS_Error       = 0.328329772871 
 MAX_ABS_U_Error = 0.019269727097 		 @ -> (191,156) 
 MAX_ABS_V_Error = 0.018639471987 		 @ -> (200,168) 
 MAX_RS_Error    = 20.697814963036 		 @ -> (172,181) 
 Bulk_Velocity_ABS_Error = 0.001498598832 	 @ -> (198,166)
======================================================================
 Updating the output data files ...
 Files has been saved at (Results.dat) Re(1000) U(0.1000) G(185,185)

======================================================================
 Itterate = 5001 	 T=2.61 
 RMS_Error       = 0.595784668418 
 MAX_ABS_U_Error = 0.017388174389 		 @ -> (191,143) 
 MAX_ABS_V_Error = 0.014120736563 		 @ -> (204,157) 
 MAX_RS_Error    = 67.336241904524 		 @ -> (170,173) 
 Bulk_Velocity_ABS_Error = 0.001144780288 	 @ -> (199,150)
======================================================================
 Updating the output data files ...
 Files has been saved at (Results.dat) Re(1000) U(0.1000) G(185,185)

======================================================================
 Itterate = 6001 	 T=3.14 
 RMS_Error       = 0.642412297773 
 MAX_ABS_U_Error = 0.015128355604 		 @ -> (191,131) 
 MAX_ABS_V_Error = 0.011075899081 		 @ -> (207,146) 
 MAX_RS_Error    = 119.038321995652 		 @ -> (168,167) 
 Bulk_Velocity_ABS_Error = 0.000891376225 	 @ -> (200,138)
======================================================================
 Updating the output data files ...
 Files has been saved at (Results.dat) Re(1000) U(0.1000) G(185,185)

======================================================================
 Itterate = 7001 	 T=3.66 
 RMS_Error       = 1.379651082593 
 MAX_ABS_U_Error = 0.012906869772 		 @ -> (189,121) 
 MAX_ABS_V_Error = 0.008896222669 		 @ -> (209,136) 
 MAX_RS_Error    = 226.423924991782 		 @ -> (240,110) 
 Bulk_Velocity_ABS_Error = 0.000704452826 	 @ -> (200,127)
======================================================================
 Updating the output data files ...
 Files has been saved at (Results.dat) Re(1000) U(0.1000) G(185,185)

======================================================================
 Itterate = 8001 	 T=4.18 
 RMS_Error       = 0.573922359072 
 MAX_ABS_U_Error = 0.010957626385 		 @ -> (188,112) 
 MAX_ABS_V_Error = 0.007304767461 		 @ -> (211,128) 
 MAX_RS_Error    = 79.688695856548 		 @ -> (249,92) 
 Bulk_Velocity_ABS_Error = 0.000569200823 	 @ -> (199,117)
======================================================================
 Updating the output data files ...
 Files has been saved at (Results.dat) Re(1000) U(0.1000) G(185,185)

======================================================================
 Itterate = 9001 	 T=4.70 
 RMS_Error       = 0.457140429432 
 MAX_ABS_U_Error = 0.009356010238 		 @ -> (187,104) 
 MAX_ABS_V_Error = 0.006119980919 		 @ -> (213,121) 
 MAX_RS_Error    = 35.586903651269 		 @ -> (244,95) 
 Bulk_Velocity_ABS_Error = 0.000470814008 	 @ -> (199,109)
======================================================================
 Updating the output data files ...
 Files has been saved at (Results.dat) Re(1000) U(0.1000) G(185,185)

======================================================================
 Itterate = 10001 	 T=5.23 
 RMS_Error       = 0.659694577734 
 MAX_ABS_U_Error = 0.008060583127 		 @ -> (186,97) 
 MAX_ABS_V_Error = 0.005365054285 		 @ -> (141,125) 
 MAX_RS_Error    = 87.639051348232 		 @ -> (265,60) 
 Bulk_Velocity_ABS_Error = 0.000397127184 	 @ -> (199,102)
======================================================================
 Updating the output data files ...
 Files has been saved at (Results.dat) Re(1000) U(0.1000) G(185,185)

======================================================================
 Itterate = 11001 	 T=5.75 
 RMS_Error       = 0.676194069877 
 MAX_ABS_U_Error = 0.007005938625 		 @ -> (186,90) 
 MAX_ABS_V_Error = 0.004839781786 		 @ -> (137,121) 
 MAX_RS_Error    = 53.860544692710 		 @ -> (273,40) 
 Bulk_Velocity_ABS_Error = 0.000339915305 	 @ -> (199,96)
======================================================================
 Updating the output data files ...
 Files has been saved at (Results.dat) Re(1000) U(0.1000) G(185,185)

======================================================================
 Itterate = 12001 	 T=6.27 
 RMS_Error       = 0.624427653267 
 MAX_ABS_U_Error = 0.006151919595 		 @ -> (184,85) 
 MAX_ABS_V_Error = 0.004374860176 		 @ -> (133,117) 
 MAX_RS_Error    = 52.706175160614 		 @ -> (248,75) 
 Bulk_Velocity_ABS_Error = 0.000294858944 	 @ -> (199,90)
======================================================================
 Updating the output data files ...
 Files has been saved at (Results.dat) Re(1000) U(0.1000) G(185,185)

======================================================================
 Itterate = 13001 	 T=6.79 
 RMS_Error       = 0.372695920599 
 MAX_ABS_U_Error = 0.005437277786 		 @ -> (183,80) 
 MAX_ABS_V_Error = 0.003970651923 		 @ -> (129,115) 
 MAX_RS_Error    = 19.183515613335 		 @ -> (156,146) 
 Bulk_Velocity_ABS_Error = 0.000258275650 	 @ -> (199,85)
======================================================================
 Updating the output data files ...
 Files has been saved at (Results.dat) Re(1000) U(0.1000) G(185,185)

======================================================================
 Itterate = 14001 	 T=7.32 
 RMS_Error       = 0.267987799255 
 MAX_ABS_U_Error = 0.004834526000 		 @ -> (183,75) 
 MAX_ABS_V_Error = 0.003616349374 		 @ -> (125,112) 
 MAX_RS_Error    = 12.647669684525 		 @ -> (255,1) 
 Bulk_Velocity_ABS_Error = 0.000228377752 	 @ -> (197,80)
======================================================================
 Updating the output data files ...
 Files has been saved at (Results.dat) Re(1000) U(0.1000) G(185,185)

======================================================================
 Itterate = 15001 	 T=7.84 
 RMS_Error       = 0.229365900662 
 MAX_ABS_U_Error = 0.004315233658 		 @ -> (182,71) 
 MAX_ABS_V_Error = 0.003304427054 		 @ -> (121,111) 
 MAX_RS_Error    = 12.452270283525 		 @ -> (250,1) 
 Bulk_Velocity_ABS_Error = 0.000203254474 	 @ -> (194,75)
======================================================================
 Updating the output data files ...
 Files has been saved at (Results.dat) Re(1000) U(0.1000) G(185,185)

======================================================================
 Itterate = 16001 	 T=8.36 
 RMS_Error       = 0.240112450808 
 MAX_ABS_U_Error = 0.003867432754 		 @ -> (182,67) 
 MAX_ABS_V_Error = 0.003026886654 		 @ -> (118,108) 
 MAX_RS_Error    = 26.215069774297 		 @ -> (250,52) 
 Bulk_Velocity_ABS_Error = 0.000181892541 	 @ -> (197,72)
======================================================================
 Updating the output data files ...
 Files has been saved at (Results.dat) Re(1000) U(0.1000) G(185,185)

======================================================================
 Itterate = 17001 	 T=8.88 
 RMS_Error       = 0.174017449873 
 MAX_ABS_U_Error = 0.003476759400 		 @ -> (180,64) 
 MAX_ABS_V_Error = 0.002778722836 		 @ -> (114,108) 
 MAX_RS_Error    = 9.879138303925 		 @ -> (239,1) 
 Bulk_Velocity_ABS_Error = 0.000163730860 	 @ -> (194,68)
======================================================================
 Updating the output data files ...
 Files has been saved at (Results.dat) Re(1000) U(0.1000) G(185,185)

======================================================================
 Itterate = 18001 	 T=9.41 
 RMS_Error       = 0.156858952293 
 MAX_ABS_U_Error = 0.003137368700 		 @ -> (181,60) 
 MAX_ABS_V_Error = 0.002553785777 		 @ -> (112,105) 
 MAX_RS_Error    = 13.532107215396 		 @ -> (235,1) 
 Bulk_Velocity_ABS_Error = 0.000147938979 	 @ -> (195,65)
======================================================================
 Updating the output data files ...
 Files has been saved at (Results.dat) Re(1000) U(0.1000) G(185,185)

======================================================================
 Itterate = 19001 	 T=9.93 
 RMS_Error       = 0.136768241168 
 MAX_ABS_U_Error = 0.002838344818 		 @ -> (181,57) 
 MAX_ABS_V_Error = 0.002347843888 		 @ -> (109,104) 
 MAX_RS_Error    = 11.781060211703 		 @ -> (231,1) 
 Bulk_Velocity_ABS_Error = 0.000134238098 	 @ -> (194,62)
======================================================================
 Updating the output data files ...
 Files has been saved at (Results.dat) Re(1000) U(0.1000) G(185,185)

======================================================================
 Itterate = 20001 	 T=10.45 
 RMS_Error       = 0.119328336217 
 MAX_ABS_U_Error = 0.002576027885 		 @ -> (180,55) 
 MAX_ABS_V_Error = 0.002158602798 		 @ -> (106,104) 
 MAX_RS_Error    = 10.004521104865 		 @ -> (228,1) 
 Bulk_Velocity_ABS_Error = 0.000122256158 	 @ -> (197,60)
======================================================================
 Updating the output data files ...
 Files has been saved at (Results.dat) Re(1000) U(0.1000) G(185,185)

======================================================================
 Itterate = 21001 	 T=10.97 
 RMS_Error       = 0.100106471319 
 MAX_ABS_U_Error = 0.002344882332 		 @ -> (181,52) 
 MAX_ABS_V_Error = 0.001984028783 		 @ -> (104,102) 
 MAX_RS_Error    = 4.743146214650 		 @ -> (112,1) 
 Bulk_Velocity_ABS_Error = 0.000111832293 	 @ -> (194,57)
======================================================================
 Updating the output data files ...
 Files has been saved at (Results.dat) Re(1000) U(0.1000) G(185,185)

======================================================================
 Itterate = 22001 	 T=11.50 
 RMS_Error       = 0.085955104795 
 MAX_ABS_U_Error = 0.002142663040 		 @ -> (180,50) 
 MAX_ABS_V_Error = 0.001823733871 		 @ -> (102,101) 
 MAX_RS_Error    = 3.222617253134 		 @ -> (224,1) 
 Bulk_Velocity_ABS_Error = 0.000102768256 	 @ -> (199,56)
======================================================================
 Updating the output data files ...
 Files has been saved at (Results.dat) Re(1000) U(0.1000) G(185,185)

======================================================================
 Itterate = 23001 	 T=12.02 
 RMS_Error       = 0.096140691768 
 MAX_ABS_U_Error = 0.001964550361 		 @ -> (180,48) 
 MAX_ABS_V_Error = 0.001676902761 		 @ -> (100,101) 
 MAX_RS_Error    = 11.263092468134 		 @ -> (114,6) 
 Bulk_Velocity_ABS_Error = 0.000094859089 	 @ -> (199,54)
======================================================================
 Updating the output data files ...
 Files has been saved at (Results.dat) Re(1000) U(0.1000) G(185,185)

======================================================================
 Itterate = 24001 	 T=12.54 
 RMS_Error       = 0.075095050640 
 MAX_ABS_U_Error = 0.001807332089 		 @ -> (181,46) 
 MAX_ABS_V_Error = 0.001543648113 		 @ -> (99,99) 
 MAX_RS_Error    = 4.605952723192 		 @ -> (250,90) 
 Bulk_Velocity_ABS_Error = 0.000087918600 	 @ -> (201,53)
======================================================================
 Updating the output data files ...
 Files has been saved at (Results.dat) Re(1000) U(0.1000) G(185,185)

======================================================================
 Itterate = 25001 	 T=13.06 
 RMS_Error       = 0.070174800654 
 MAX_ABS_U_Error = 0.001667519538 		 @ -> (181,44) 
 MAX_ABS_V_Error = 0.001422625812 		 @ -> (97,99) 
 MAX_RS_Error    = 4.301499520190 		 @ -> (114,7) 
 Bulk_Velocity_ABS_Error = 0.000081798178 	 @ -> (203,52)
======================================================================
 Updating the output data files ...
 Files has been saved at (Results.dat) Re(1000) U(0.1000) G(185,185)

======================================================================
 Itterate = 26001 	 T=13.59 
 RMS_Error       = 0.067855990274 
 MAX_ABS_U_Error = 0.001544500431 		 @ -> (180,43) 
 MAX_ABS_V_Error = 0.001313493378 		 @ -> (96,98) 
 MAX_RS_Error    = 3.131953258320 		 @ -> (126,1) 
 Bulk_Velocity_ABS_Error = 0.000076367722 	 @ -> (204,51)
======================================================================
 Updating the output data files ...
 Files has been saved at (Results.dat) Re(1000) U(0.1000) G(185,185)

======================================================================
 Itterate = 27001 	 T=14.11 
 RMS_Error       = 0.081938995075 
 MAX_ABS_U_Error = 0.001433075136 		 @ -> (179,42) 
 MAX_ABS_V_Error = 0.001215179062 		 @ -> (95,97) 
 MAX_RS_Error    = 8.369732027714 		 @ -> (250,32) 
 Bulk_Velocity_ABS_Error = 0.000071470019 	 @ -> (205,50)
======================================================================
 Updating the output data files ...
 Files has been saved at (Results.dat) Re(1000) U(0.1000) G(185,185)

======================================================================
 Itterate = 28001 	 T=14.63 
 RMS_Error       = 0.080886070997 
 MAX_ABS_U_Error = 0.001333785908 		 @ -> (181,40) 
 MAX_ABS_V_Error = 0.001126258555 		 @ -> (95,95) 
 MAX_RS_Error    = 5.910179493000 		 @ -> (251,88) 
 Bulk_Velocity_ABS_Error = 0.000067000475 	 @ -> (205,49)
======================================================================
 Updating the output data files ...
 Files has been saved at (Results.dat) Re(1000) U(0.1000) G(185,185)

======================================================================
 Itterate = 29001 	 T=15.15 
 RMS_Error       = 0.090769407205 
 MAX_ABS_U_Error = 0.001242877275 		 @ -> (181,39) 
 MAX_ABS_V_Error = 0.001045332635 		 @ -> (94,95) 
 MAX_RS_Error    = 9.063437451465 		 @ -> (103,19) 
 Bulk_Velocity_ABS_Error = 0.000062826321 	 @ -> (206,48)
======================================================================
 Updating the output data files ...
 Files has been saved at (Results.dat) Re(1000) U(0.1000) G(185,185)

======================================================================
 Itterate = 30001 	 T=15.68 
 RMS_Error       = 0.083729692538 
 MAX_ABS_U_Error = 0.001159077729 		 @ -> (181,38) 
 MAX_ABS_V_Error = 0.000971149033 		 @ -> (94,93) 
 MAX_RS_Error    = 7.334405851550 		 @ -> (133,1) 
 Bulk_Velocity_ABS_Error = 0.000058908364 	 @ -> (208,48)
======================================================================
 Updating the output data files ...
 Files has been saved at (Results.dat) Re(1000) U(0.1000) G(185,185)

======================================================================
 Itterate = 31001 	 T=16.20 
 RMS_Error       = 0.088512394767 
 MAX_ABS_U_Error = 0.001081430888 		 @ -> (181,37) 
 MAX_ABS_V_Error = 0.000902763919 		 @ -> (93,93) 
 MAX_RS_Error    = 8.570103942311 		 @ -> (116,10) 
 Bulk_Velocity_ABS_Error = 0.000055184742 	 @ -> (208,47)
======================================================================
 Updating the output data files ...
 Files has been saved at (Results.dat) Re(1000) U(0.1000) G(185,185)

======================================================================
 Itterate = 32001 	 T=16.72 
 RMS_Error       = 0.145091406388 
 MAX_ABS_U_Error = 0.001009193129 		 @ -> (181,36) 
 MAX_ABS_V_Error = 0.000838948036 		 @ -> (92,93) 
 MAX_RS_Error    = 25.234450197674 		 @ -> (101,23) 
 Bulk_Velocity_ABS_Error = 0.000051620457 	 @ -> (208,46)
======================================================================
 Updating the output data files ...
 Files has been saved at (Results.dat) Re(1000) U(0.1000) G(185,185)

======================================================================
 Itterate = 33001 	 T=17.24 
 RMS_Error       = 0.100114543788 
 MAX_ABS_U_Error = 0.000941720041 		 @ -> (181,35) 
 MAX_ABS_V_Error = 0.000779110859 		 @ -> (91,93) 
 MAX_RS_Error    = 14.564091575833 		 @ -> (117,11) 
 Bulk_Velocity_ABS_Error = 0.000048210875 	 @ -> (208,45)
======================================================================
 Updating the output data files ...
 Files has been saved at (Results.dat) Re(1000) U(0.1000) G(185,185)

======================================================================
 Itterate = 34001 	 T=17.77 
 RMS_Error       = 0.064404612322 
 MAX_ABS_U_Error = 0.000878482330 		 @ -> (181,34) 
 MAX_ABS_V_Error = 0.000723077514 		 @ -> (91,92) 
 MAX_RS_Error    = 4.822911324775 		 @ -> (100,25) 
 Bulk_Velocity_ABS_Error = 0.000044961427 	 @ -> (211,46)
======================================================================
 Updating the output data files ...
 Files has been saved at (Results.dat) Re(1000) U(0.1000) G(185,185)

======================================================================
 Itterate = 35001 	 T=18.29 
 RMS_Error       = 0.053832091617 
 MAX_ABS_U_Error = 0.000819052157 		 @ -> (182,33) 
 MAX_ABS_V_Error = 0.000670609449 		 @ -> (91,91) 
 MAX_RS_Error    = 2.894306512602 		 @ -> (142,1) 
 Bulk_Velocity_ABS_Error = 0.000041878746 	 @ -> (211,45)
======================================================================
 Updating the output data files ...
 Files has been saved at (Results.dat) Re(1000) U(0.1000) G(185,185)

======================================================================
 Itterate = 36001 	 T=18.81 
 RMS_Error       = 0.058531138048 
 MAX_ABS_U_Error = 0.000762982937 		 @ -> (182,32) 
 MAX_ABS_V_Error = 0.000621692242 		 @ -> (91,90) 
 MAX_RS_Error    = 6.808827011847 		 @ -> (99,27) 
 Bulk_Velocity_ABS_Error = 0.000038948721 	 @ -> (209,43)
======================================================================
 Updating the output data files ...
 Files has been saved at (Results.dat) Re(1000) U(0.1000) G(185,185)

======================================================================
 Itterate = 37001 	 T=19.33 
 RMS_Error       = 0.043346699760 
 MAX_ABS_U_Error = 0.000709846225 		 @ -> (182,31) 
 MAX_ABS_V_Error = 0.000576271415 		 @ -> (91,89) 
 MAX_RS_Error    = 2.374465466081 		 @ -> (146,130) 
 Bulk_Velocity_ABS_Error = 0.000036190202 	 @ -> (210,43)
======================================================================
 Updating the output data files ...
 Files has been saved at (Results.dat) Re(1000) U(0.1000) G(185,185)

======================================================================
 Itterate = 38001 	 T=19.86 
 RMS_Error       = 0.039525930395 
 MAX_ABS_U_Error = 0.000659949079 		 @ -> (181,31) 
 MAX_ABS_V_Error = 0.000534257676 		 @ -> (90,90) 
 MAX_RS_Error    = 2.614475061052 		 @ -> (118,13) 
 Bulk_Velocity_ABS_Error = 0.000033585105 	 @ -> (211,43)
======================================================================
 Updating the output data files ...
 Files has been saved at (Results.dat) Re(1000) U(0.1000) G(185,185)

======================================================================
 Itterate = 39001 	 T=20.38 
 RMS_Error       = 0.035541652191 
 MAX_ABS_U_Error = 0.000612680326 		 @ -> (182,30) 
 MAX_ABS_V_Error = 0.000495549622 		 @ -> (90,89) 
 MAX_RS_Error    = 2.270837238811 		 @ -> (119,13) 
 Bulk_Velocity_ABS_Error = 0.000031128907 	 @ -> (212,43)
======================================================================
 Updating the output data files ...
 Files has been saved at (Results.dat) Re(1000) U(0.1000) G(185,185)

======================================================================
 Itterate = 40001 	 T=20.90 
 RMS_Error       = 0.034853209417 
 MAX_ABS_U_Error = 0.000567749083 		 @ -> (181,30) 
 MAX_ABS_V_Error = 0.000459567773 		 @ -> (90,88) 
 MAX_RS_Error    = 2.666038227357 		 @ -> (98,29) 
 Bulk_Velocity_ABS_Error = 0.000028818119 	 @ -> (211,42)
======================================================================
 Updating the output data files ...
 Files has been saved at (Results.dat) Re(1000) U(0.1000) G(185,185)

======================================================================
 Itterate = 41001 	 T=21.42 
 RMS_Error       = 0.030483259616 
 MAX_ABS_U_Error = 0.000525495046 		 @ -> (181,29) 
 MAX_ABS_V_Error = 0.000426088772 		 @ -> (89,89) 
 MAX_RS_Error    = 2.013351768804 		 @ -> (146,129) 
 Bulk_Velocity_ABS_Error = 0.000026659699 	 @ -> (190,35)
======================================================================
 Updating the output data files ...
 Files has been saved at (Results.dat) Re(1000) U(0.1000) G(185,185)

======================================================================
 Itterate = 42001 	 T=21.95 
 RMS_Error       = 0.027389598052 
 MAX_ABS_U_Error = 0.000485399056 		 @ -> (181,29) 
 MAX_ABS_V_Error = 0.000394727016 		 @ -> (90,87) 
 MAX_RS_Error    = 2.048213090013 		 @ -> (146,129) 
 Bulk_Velocity_ABS_Error = 0.000024665873 	 @ -> (187,34)
======================================================================
 Updating the output data files ...
 Files has been saved at (Results.dat) Re(1000) U(0.1000) G(185,185)

======================================================================
 Itterate = 43001 	 T=22.47 
 RMS_Error       = 0.024134989722 
 MAX_ABS_U_Error = 0.000447646226 		 @ -> (181,28) 
 MAX_ABS_V_Error = 0.000365238878 		 @ -> (89,88) 
 MAX_RS_Error    = 1.601415586868 		 @ -> (119,14) 
 Bulk_Velocity_ABS_Error = 0.000022795160 	 @ -> (186,34)
======================================================================
 Updating the output data files ...
 Files has been saved at (Results.dat) Re(1000) U(0.1000) G(185,185)

======================================================================
 Itterate = 44001 	 T=22.99 
 RMS_Error       = 0.023607327118 
 MAX_ABS_U_Error = 0.000412283836 		 @ -> (181,28) 
 MAX_ABS_V_Error = 0.000337264848 		 @ -> (88,89) 
 MAX_RS_Error    = 2.344059595365 		 @ -> (119,14) 
 Bulk_Velocity_ABS_Error = 0.000021000979 	 @ -> (183,34)
======================================================================
 Updating the output data files ...
 Files has been saved at (Results.dat) Re(1000) U(0.1000) G(185,185)

======================================================================
 Itterate = 45001 	 T=23.51 
 RMS_Error       = 0.021600689007 
 MAX_ABS_U_Error = 0.000378936110 		 @ -> (180,28) 
 MAX_ABS_V_Error = 0.000310738418 		 @ -> (88,88) 
 MAX_RS_Error    = 2.055224933166 		 @ -> (97,31) 
 Bulk_Velocity_ABS_Error = 0.000019342507 	 @ -> (184,33)
======================================================================
 Updating the output data files ...
 Files has been saved at (Results.dat) Re(1000) U(0.1000) G(185,185)

======================================================================
 Itterate = 46001 	 T=24.04 
 RMS_Error       = 0.019950581616 
 MAX_ABS_U_Error = 0.000348020134 		 @ -> (181,27) 
 MAX_ABS_V_Error = 0.000285703044 		 @ -> (88,88) 
 MAX_RS_Error    = 1.859281519677 		 @ -> (97,31) 
 Bulk_Velocity_ABS_Error = 0.000017768923 	 @ -> (183,33)
======================================================================
 Updating the output data files ...
 Files has been saved at (Results.dat) Re(1000) U(0.1000) G(185,185)

======================================================================
 Itterate = 47001 	 T=24.56 
 RMS_Error       = 0.016396506023 
 MAX_ABS_U_Error = 0.000319182052 		 @ -> (181,27) 
 MAX_ABS_V_Error = 0.000262091937 		 @ -> (87,89) 
 MAX_RS_Error    = 0.754863017211 		 @ -> (253,27) 
 Bulk_Velocity_ABS_Error = 0.000016285711 	 @ -> (181,33)
======================================================================
 Updating the output data files ...
 Files has been saved at (Results.dat) Re(1000) U(0.1000) G(185,185)

======================================================================
 Itterate = 48001 	 T=25.08 
 RMS_Error       = 0.014340672936 
 MAX_ABS_U_Error = 0.000292286501 		 @ -> (180,27) 
 MAX_ABS_V_Error = 0.000239952500 		 @ -> (87,89) 
 MAX_RS_Error    = 0.589194210183 		 @ -> (146,128) 
 Bulk_Velocity_ABS_Error = 0.000014922230 	 @ -> (183,32)
======================================================================
 Updating the output data files ...
 Files has been saved at (Results.dat) Re(1000) U(0.1000) G(185,185)

======================================================================
 Itterate = 49001 	 T=25.60 
 RMS_Error       = 0.012742427172 
 MAX_ABS_U_Error = 0.000267513419 		 @ -> (181,26) 
 MAX_ABS_V_Error = 0.000219392665 		 @ -> (86,90) 
 MAX_RS_Error    = 0.493608927862 		 @ -> (148,1) 
 Bulk_Velocity_ABS_Error = 0.000013659139 	 @ -> (182,32)
======================================================================
 Updating the output data files ...
 Files has been saved at (Results.dat) Re(1000) U(0.1000) G(185,185)

======================================================================
 Itterate = 50001 	 T=26.12 
 RMS_Error       = 0.011531011884 
 MAX_ABS_U_Error = 0.000244596251 		 @ -> (181,26) 
 MAX_ABS_V_Error = 0.000200544719 		 @ -> (87,88) 
 MAX_RS_Error    = 0.549191413366 		 @ -> (119,15) 
 Bulk_Velocity_ABS_Error = 0.000012490466 	 @ -> (181,32)
======================================================================
 Updating the output data files ...
 Files has been saved at (Results.dat) Re(1000) U(0.1000) G(185,185)

======================================================================
 Itterate = 51001 	 T=26.65 
 RMS_Error       = 0.011184850421 
 MAX_ABS_U_Error = 0.000223357588 		 @ -> (180,26) 
 MAX_ABS_V_Error = 0.000183271197 		 @ -> (87,88) 
 MAX_RS_Error    = 1.007634776222 		 @ -> (119,15) 
 Bulk_Velocity_ABS_Error = 0.000011414798 	 @ -> (180,32)
======================================================================
 Updating the output data files ...
 Files has been saved at (Results.dat) Re(1000) U(0.1000) G(185,185)

======================================================================
 Itterate = 52001 	 T=27.17 
 RMS_Error       = 0.059150145727 
 MAX_ABS_U_Error = 0.000203754039 		 @ -> (180,26) 
 MAX_ABS_V_Error = 0.000167505091 		 @ -> (86,89) 
 MAX_RS_Error    = 11.878049254871 		 @ -> (119,15) 
 Bulk_Velocity_ABS_Error = 0.000010427479 	 @ -> (180,32)
======================================================================
 Updating the output data files ...
 Files has been saved at (Results.dat) Re(1000) U(0.1000) G(185,185)

======================================================================
 Itterate = 53001 	 T=27.69 
 RMS_Error       = 0.009835066108 
 MAX_ABS_U_Error = 0.000185664719 		 @ -> (180,26) 
 MAX_ABS_V_Error = 0.000153145607 		 @ -> (86,89) 
 MAX_RS_Error    = 1.100591556049 		 @ -> (119,15) 
 Bulk_Velocity_ABS_Error = 0.000009525828 	 @ -> (182,31)
======================================================================
 Updating the output data files ...
 Files has been saved at (Results.dat) Re(1000) U(0.1000) G(185,185)

======================================================================
 Itterate = 54001 	 T=28.21 
 RMS_Error       = 0.007862670342 
 MAX_ABS_U_Error = 0.000169025532 		 @ -> (179,26) 
 MAX_ABS_V_Error = 0.000140016863 		 @ -> (86,89) 
 MAX_RS_Error    = 0.505515914328 		 @ -> (119,15) 
 Bulk_Velocity_ABS_Error = 0.000008697728 	 @ -> (182,31)
======================================================================
 Updating the output data files ...
 Files has been saved at (Results.dat) Re(1000) U(0.1000) G(185,185)

======================================================================
 Itterate = 55001 	 T=28.74 
 RMS_Error       = 0.006977263045 
 MAX_ABS_U_Error = 0.000153735391 		 @ -> (179,26) 
 MAX_ABS_V_Error = 0.000127964199 		 @ -> (87,87) 
 MAX_RS_Error    = 0.321311246277 		 @ -> (119,15) 
 Bulk_Velocity_ABS_Error = 0.000007934608 	 @ -> (181,31)
======================================================================
 Updating the output data files ...
 Files has been saved at (Results.dat) Re(1000) U(0.1000) G(185,185)

======================================================================
 Itterate = 56001 	 T=29.26 
 RMS_Error       = 0.006331679929 
 MAX_ABS_U_Error = 0.000139735253 		 @ -> (181,25) 
 MAX_ABS_V_Error = 0.000116851439 		 @ -> (85,90) 
 MAX_RS_Error    = 0.232243962258 		 @ -> (119,15) 
 Bulk_Velocity_ABS_Error = 0.000007230333 	 @ -> (181,31)
======================================================================
 Updating the output data files ...
 Files has been saved at (Results.dat) Re(1000) U(0.1000) G(185,185)

======================================================================
 Itterate = 57001 	 T=29.78 
 RMS_Error       = 0.005809672058 
 MAX_ABS_U_Error = 0.000126928801 		 @ -> (181,25) 
 MAX_ABS_V_Error = 0.000106546604 		 @ -> (85,90) 
 MAX_RS_Error    = 0.224929755692 		 @ -> (96,33) 
 Bulk_Velocity_ABS_Error = 0.000006580115 	 @ -> (180,31)
======================================================================
 Updating the output data files ...
 Files has been saved at (Results.dat) Re(1000) U(0.1000) G(185,185)

======================================================================
 Itterate = 58001 	 T=30.30 
 RMS_Error       = 0.005372967128 
 MAX_ABS_U_Error = 0.000115235625 		 @ -> (180,25) 
 MAX_ABS_V_Error = 0.000096973323 		 @ -> (85,90) 
 MAX_RS_Error    = 0.268731481162 		 @ -> (96,33) 
 Bulk_Velocity_ABS_Error = 0.000005981060 	 @ -> (180,31)
======================================================================
 Updating the output data files ...
 Files has been saved at (Results.dat) Re(1000) U(0.1000) G(185,185)

======================================================================
 Itterate = 59001 	 T=30.83 
 RMS_Error       = 0.005020580947 
 MAX_ABS_U_Error = 0.000104576535 		 @ -> (180,25) 
 MAX_ABS_V_Error = 0.000088101939 		 @ -> (84,91) 
 MAX_RS_Error    = 0.334073857419 		 @ -> (96,33) 
 Bulk_Velocity_ABS_Error = 0.000005430171 	 @ -> (180,31)
======================================================================
 Updating the output data files ...
 Files has been saved at (Results.dat) Re(1000) U(0.1000) G(185,185)

======================================================================
 Itterate = 60001 	 T=31.35 
 RMS_Error       = 0.004816360748 
 MAX_ABS_U_Error = 0.000094872942 		 @ -> (180,25) 
 MAX_ABS_V_Error = 0.000079907255 		 @ -> (84,91) 
 MAX_RS_Error    = 0.441521848354 		 @ -> (96,33) 
 Bulk_Velocity_ABS_Error = 0.000004925873 	 @ -> (179,31)
======================================================================
 Updating the output data files ...
 Files has been saved at (Results.dat) Re(1000) U(0.1000) G(185,185)

======================================================================
 Itterate = 61001 	 T=31.87 
 RMS_Error       = 0.005016637061 
 MAX_ABS_U_Error = 0.000086047106 		 @ -> (180,25) 
 MAX_ABS_V_Error = 0.000072391088 		 @ -> (84,91) 
 MAX_RS_Error    = 0.648125686179 		 @ -> (96,33) 
 Bulk_Velocity_ABS_Error = 0.000004466480 	 @ -> (179,31)
======================================================================
 Updating the output data files ...
 Files has been saved at (Results.dat) Re(1000) U(0.1000) G(185,185)

======================================================================
 Itterate = 62001 	 T=32.39 
 RMS_Error       = 0.006374835621 
 MAX_ABS_U_Error = 0.000078023010 		 @ -> (180,25) 
 MAX_ABS_V_Error = 0.000065553831 		 @ -> (84,91) 
 MAX_RS_Error    = 1.086217392847 		 @ -> (96,33) 
 Bulk_Velocity_ABS_Error = 0.000004049606 	 @ -> (179,31)
======================================================================
 Updating the output data files ...
 Files has been saved at (Results.dat) Re(1000) U(0.1000) G(185,185)

======================================================================
 Itterate = 63001 	 T=32.92 
 RMS_Error       = 0.006150863839 
 MAX_ABS_U_Error = 0.000070728311 		 @ -> (180,25) 
 MAX_ABS_V_Error = 0.000059384283 		 @ -> (85,89) 
 MAX_RS_Error    = 1.078191734627 		 @ -> (96,33) 
 Bulk_Velocity_ABS_Error = 0.000003672676 	 @ -> (178,31)
======================================================================
 Updating the output data files ...
 Files has been saved at (Results.dat) Re(1000) U(0.1000) G(185,185)

======================================================================
 Itterate = 64001 	 T=33.44 
 RMS_Error       = 0.003991639475 
 MAX_ABS_U_Error = 0.000064096123 		 @ -> (179,25) 
 MAX_ABS_V_Error = 0.000053854520 		 @ -> (85,89) 
 MAX_RS_Error    = 0.579822769237 		 @ -> (96,33) 
 Bulk_Velocity_ABS_Error = 0.000003332470 	 @ -> (178,31)
======================================================================
 Updating the output data files ...
 Files has been saved at (Results.dat) Re(1000) U(0.1000) G(185,185)

======================================================================
 Itterate = 65001 	 T=33.96 
 RMS_Error       = 0.003063376743 
 MAX_ABS_U_Error = 0.000058069615 		 @ -> (179,25) 
 MAX_ABS_V_Error = 0.000048898660 		 @ -> (85,89) 
 MAX_RS_Error    = 0.355564004095 		 @ -> (96,33) 
 Bulk_Velocity_ABS_Error = 0.000003025102 	 @ -> (178,31)
======================================================================
 Updating the output data files ...
 Files has been saved at (Results.dat) Re(1000) U(0.1000) G(185,185)

======================================================================
 Itterate = 66001 	 T=34.48 
 RMS_Error       = 0.002581499301 
 MAX_ABS_U_Error = 0.000052588477 		 @ -> (179,25) 
 MAX_ABS_V_Error = 0.000044447311 		 @ -> (85,89) 
 MAX_RS_Error    = 0.247069413564 		 @ -> (96,33) 
 Bulk_Velocity_ABS_Error = 0.000002746760 	 @ -> (178,31)
======================================================================
 Updating the output data files ...
 Files has been saved at (Results.dat) Re(1000) U(0.1000) G(185,185)

======================================================================
 Itterate = 67001 	 T=35.01 
 RMS_Error       = 0.002265990450 
 MAX_ABS_U_Error = 0.000047605268 		 @ -> (179,25) 
 MAX_ABS_V_Error = 0.000040426459 		 @ -> (85,89) 
 MAX_RS_Error    = 0.185907811262 		 @ -> (96,33) 
 Bulk_Velocity_ABS_Error = 0.000002493819 	 @ -> (178,31)
======================================================================
 Updating the output data files ...
 Files has been saved at (Results.dat) Re(1000) U(0.1000) G(185,185)

======================================================================
 Itterate = 68001 	 T=35.53 
 RMS_Error       = 0.002028514616 
 MAX_ABS_U_Error = 0.000043078466 		 @ -> (179,25) 
 MAX_ABS_V_Error = 0.000036766811 		 @ -> (85,89) 
 MAX_RS_Error    = 0.147500618351 		 @ -> (96,33) 
 Bulk_Velocity_ABS_Error = 0.000002263119 	 @ -> (178,31)
======================================================================
 Updating the output data files ...
 Files has been saved at (Results.dat) Re(1000) U(0.1000) G(185,185)

======================================================================
 Itterate = 69001 	 T=36.05 
 RMS_Error       = 0.001832777701 
 MAX_ABS_U_Error = 0.000038971177 		 @ -> (179,25) 
 MAX_ABS_V_Error = 0.000033415286 		 @ -> (84,91) 
 MAX_RS_Error    = 0.121223841225 		 @ -> (96,33) 
 Bulk_Velocity_ABS_Error = 0.000002052136 	 @ -> (178,31)
======================================================================
 Updating the output data files ...
 Files has been saved at (Results.dat) Re(1000) U(0.1000) G(185,185)

======================================================================
 Itterate = 70001 	 T=36.57 
 RMS_Error       = 0.001660665373 
 MAX_ABS_U_Error = 0.000035249758 		 @ -> (179,25) 
 MAX_ABS_V_Error = 0.000030332780 		 @ -> (83,92) 
 MAX_RS_Error    = 0.101817867408 		 @ -> (96,33) 
 Bulk_Velocity_ABS_Error = 0.000001859013 	 @ -> (178,31)
======================================================================
 Updating the output data files ...
 Files has been saved at (Results.dat) Re(1000) U(0.1000) G(185,185)

======================================================================
 Itterate = 71001 	 T=37.10 
 RMS_Error       = 0.001502644344 
 MAX_ABS_U_Error = 0.000031882595 		 @ -> (179,25) 
 MAX_ABS_V_Error = 0.000027486964 		 @ -> (83,92) 
 MAX_RS_Error    = 0.086493243706 		 @ -> (96,33) 
 Bulk_Velocity_ABS_Error = 0.000001682468 	 @ -> (178,31)
======================================================================
 Updating the output data files ...
 Files has been saved at (Results.dat) Re(1000) U(0.1000) G(185,185)

======================================================================
 Itterate = 72001 	 T=37.62 
 RMS_Error       = 0.001354372910 
 MAX_ABS_U_Error = 0.000028839430 		 @ -> (180,25) 
 MAX_ABS_V_Error = 0.000024864721 		 @ -> (83,92) 
 MAX_RS_Error    = 0.073760061557 		 @ -> (96,33) 
 Bulk_Velocity_ABS_Error = 0.000001521610 	 @ -> (178,31)
======================================================================
 Updating the output data files ...
 Files has been saved at (Results.dat) Re(1000) U(0.1000) G(185,185)

======================================================================
 Itterate = 73001 	 T=38.14 
 RMS_Error       = 0.001214977020 
 MAX_ABS_U_Error = 0.000026090342 		 @ -> (180,25) 
 MAX_ABS_V_Error = 0.000022463405 		 @ -> (83,92) 
 MAX_RS_Error    = 0.062862408019 		 @ -> (96,33) 
 Bulk_Velocity_ABS_Error = 0.000001375717 	 @ -> (178,31)
======================================================================
 Updating the output data files ...
 Files has been saved at (Results.dat) Re(1000) U(0.1000) G(185,185)

======================================================================
 Itterate = 74001 	 T=38.66 
 RMS_Error       = 0.001085694506 
 MAX_ABS_U_Error = 0.000023607186 		 @ -> (179,25) 
 MAX_ABS_V_Error = 0.000020283350 		 @ -> (83,92) 
 MAX_RS_Error    = 0.055173394389 		 @ -> (254,82) 
 Bulk_Velocity_ABS_Error = 0.000001244038 	 @ -> (178,31)
======================================================================
 Updating the output data files ...
 Files has been saved at (Results.dat) Re(1000) U(0.1000) G(185,185)

======================================================================
 Itterate = 75001 	 T=39.19 
 RMS_Error       = 0.000968583757 
 MAX_ABS_U_Error = 0.000021362812 		 @ -> (179,25) 
 MAX_ABS_V_Error = 0.000018322334 		 @ -> (83,92) 
 MAX_RS_Error    = 0.051225093080 		 @ -> (254,82) 
 Bulk_Velocity_ABS_Error = 0.000001125662 	 @ -> (178,31)
======================================================================
 Updating the output data files ...
 Files has been saved at (Results.dat) Re(1000) U(0.1000) G(185,185)

======================================================================
 Itterate = 76001 	 T=39.71 
 RMS_Error       = 0.000865378879 
 MAX_ABS_U_Error = 0.000019332185 		 @ -> (179,25) 
 MAX_ABS_V_Error = 0.000016572382 		 @ -> (84,91) 
 MAX_RS_Error    = 0.047569697266 		 @ -> (254,82) 
 Bulk_Velocity_ABS_Error = 0.000001019467 	 @ -> (178,31)
======================================================================
 Updating the output data files ...
 Files has been saved at (Results.dat) Re(1000) U(0.1000) G(185,185)

======================================================================
 Itterate = 77001 	 T=40.23 
 RMS_Error       = 0.000776699129 
 MAX_ABS_U_Error = 0.000017492850 		 @ -> (179,25) 
 MAX_ABS_V_Error = 0.000015017075 		 @ -> (84,91) 
 MAX_RS_Error    = 0.044340027372 		 @ -> (254,82) 
 Bulk_Velocity_ABS_Error = 0.000000924163 	 @ -> (178,31)
======================================================================
 Updating the output data files ...
 Files has been saved at (Results.dat) Re(1000) U(0.1000) G(185,185)

======================================================================
 Itterate = 78001 	 T=40.75 
 RMS_Error       = 0.000701759561 
 MAX_ABS_U_Error = 0.000015825220 		 @ -> (179,25) 
 MAX_ABS_V_Error = 0.000013633337 		 @ -> (84,91) 
 MAX_RS_Error    = 0.041556866784 		 @ -> (254,82) 
 Bulk_Velocity_ABS_Error = 0.000000838382 	 @ -> (178,31)
======================================================================
 Updating the output data files ...
 Files has been saved at (Results.dat) Re(1000) U(0.1000) G(185,185)

======================================================================
 Itterate = 79001 	 T=41.28 
 RMS_Error       = 0.000638560350 
 MAX_ABS_U_Error = 0.000014312570 		 @ -> (179,25) 
 MAX_ABS_V_Error = 0.000012395259 		 @ -> (84,91) 
 MAX_RS_Error    = 0.039137797508 		 @ -> (254,82) 
 Bulk_Velocity_ABS_Error = 0.000000760805 	 @ -> (178,31)
======================================================================
 Updating the output data files ...
 Files has been saved at (Results.dat) Re(1000) U(0.1000) G(185,185)

======================================================================
 Itterate = 80001 	 T=41.80 
 RMS_Error       = 0.000584375817 
 MAX_ABS_U_Error = 0.000012940748 		 @ -> (179,25) 
 MAX_ABS_V_Error = 0.000011277219 		 @ -> (83,92) 
 MAX_RS_Error    = 0.036932661969 		 @ -> (254,82) 
 Bulk_Velocity_ABS_Error = 0.000000690269 	 @ -> (178,31)
======================================================================
 Updating the output data files ...
 Files has been saved at (Results.dat) Re(1000) U(0.1000) G(185,185)

======================================================================
 Itterate = 81001 	 T=42.32 
 RMS_Error       = 0.000536325495 
 MAX_ABS_U_Error = 0.000011697664 		 @ -> (179,25) 
 MAX_ABS_V_Error = 0.000010257417 		 @ -> (83,92) 
 MAX_RS_Error    = 0.034773076322 		 @ -> (254,82) 
 Bulk_Velocity_ABS_Error = 0.000000625847 	 @ -> (178,31)
======================================================================
 Updating the output data files ...
 Files has been saved at (Results.dat) Re(1000) U(0.1000) G(185,185)

======================================================================
 Itterate = 82001 	 T=42.84 
 RMS_Error       = 0.000491881641 
 MAX_ABS_U_Error = 0.000010572698 		 @ -> (179,25) 
 MAX_ABS_V_Error = 0.000009318242 		 @ -> (82,94) 
 MAX_RS_Error    = 0.032521463905 		 @ -> (254,82) 
 Bulk_Velocity_ABS_Error = 0.000000566867 	 @ -> (178,31)
======================================================================
 Updating the output data files ...
 Files has been saved at (Results.dat) Re(1000) U(0.1000) G(185,185)

======================================================================
 Itterate = 83001 	 T=43.37 
 RMS_Error       = 0.000449245550 
 MAX_ABS_U_Error = 0.000009556176 		 @ -> (180,25) 
 MAX_ABS_V_Error = 0.000008452396 		 @ -> (82,94) 
 MAX_RS_Error    = 0.030106794291 		 @ -> (254,82) 
 Bulk_Velocity_ABS_Error = 0.000000512890 	 @ -> (178,31)
======================================================================
 Updating the output data files ...
 Files has been saved at (Results.dat) Re(1000) U(0.1000) G(185,185)

======================================================================
 Itterate = 84001 	 T=43.89 
 RMS_Error       = 0.000407550340 
 MAX_ABS_U_Error = 0.000008639268 		 @ -> (180,25) 
 MAX_ABS_V_Error = 0.000007650781 		 @ -> (82,94) 
 MAX_RS_Error    = 0.027538725634 		 @ -> (254,82) 
 Bulk_Velocity_ABS_Error = 0.000000463648 	 @ -> (178,31)
======================================================================
 Updating the output data files ...
 Files has been saved at (Results.dat) Re(1000) U(0.1000) G(185,185)

======================================================================
 Itterate = 85001 	 T=44.41 
 RMS_Error       = 0.000366855045 
 MAX_ABS_U_Error = 0.000007812163 		 @ -> (180,25) 
 MAX_ABS_V_Error = 0.000006912722 		 @ -> (82,94) 
 MAX_RS_Error    = 0.024898263384 		 @ -> (254,82) 
 Bulk_Velocity_ABS_Error = 0.000000418954 	 @ -> (178,31)
======================================================================
 Updating the output data files ...
 Files has been saved at (Results.dat) Re(1000) U(0.1000) G(185,185)

======================================================================
 Itterate = 86001 	 T=44.93 
 RMS_Error       = 0.000327928026 
 MAX_ABS_U_Error = 0.000007066107 		 @ -> (180,25) 
 MAX_ABS_V_Error = 0.000006239685 		 @ -> (82,94) 
 MAX_RS_Error    = 0.022309666128 		 @ -> (254,82) 
 Bulk_Velocity_ABS_Error = 0.000000378630 	 @ -> (178,31)
======================================================================
 Updating the output data files ...
 Files has been saved at (Results.dat) Re(1000) U(0.1000) G(185,185)

======================================================================
 Itterate = 87001 	 T=45.46 
 RMS_Error       = 0.000291875937 
 MAX_ABS_U_Error = 0.000006392735 		 @ -> (180,25) 
 MAX_ABS_V_Error = 0.000005632972 		 @ -> (82,94) 
 MAX_RS_Error    = 0.019903318223 		 @ -> (254,82) 
 Bulk_Velocity_ABS_Error = 0.000000342441 	 @ -> (178,31)
======================================================================
 Updating the output data files ...
 Files has been saved at (Results.dat) Re(1000) U(0.1000) G(185,185)

======================================================================
 Itterate = 88001 	 T=45.98 
 RMS_Error       = 0.000259725969 
 MAX_ABS_U_Error = 0.000005784420 		 @ -> (179,25) 
 MAX_ABS_V_Error = 0.000005091950 		 @ -> (82,94) 
 MAX_RS_Error    = 0.017780934699 		 @ -> (254,82) 
 Bulk_Velocity_ABS_Error = 0.000000310073 	 @ -> (178,31)
======================================================================
 Updating the output data files ...
 Files has been saved at (Results.dat) Re(1000) U(0.1000) G(185,185)

======================================================================
 Itterate = 89001 	 T=46.50 
 RMS_Error       = 0.000232086717 
 MAX_ABS_U_Error = 0.000005234087 		 @ -> (179,25) 
 MAX_ABS_V_Error = 0.000004613145 		 @ -> (82,94) 
 MAX_RS_Error    = 0.015992404287 		 @ -> (254,82) 
 Bulk_Velocity_ABS_Error = 0.000000281138 	 @ -> (179,31)
======================================================================
 Updating the output data files ...
 Files has been saved at (Results.dat) Re(1000) U(0.1000) G(185,185)

======================================================================
 Itterate = 90001 	 T=47.02 
 RMS_Error       = 0.000208984102 
 MAX_ABS_U_Error = 0.000004735710 		 @ -> (177,26) 
 MAX_ABS_V_Error = 0.000004190278 		 @ -> (82,94) 
 MAX_RS_Error    = 0.014528938151 		 @ -> (254,82) 
 Bulk_Velocity_ABS_Error = 0.000000255203 	 @ -> (179,31)
======================================================================
 Updating the output data files ...
 Files has been saved at (Results.dat) Re(1000) U(0.1000) G(185,185)

======================================================================
 Itterate = 91001 	 T=47.55 
 RMS_Error       = 0.000189897119 
 MAX_ABS_U_Error = 0.000004285542 		 @ -> (177,26) 
 MAX_ABS_V_Error = 0.000003815101 		 @ -> (82,94) 
 MAX_RS_Error    = 0.013332004816 		 @ -> (254,82) 
 Bulk_Velocity_ABS_Error = 0.000000231816 	 @ -> (179,31)
======================================================================
 Updating the output data files ...
 Files has been saved at (Results.dat) Re(1000) U(0.1000) G(185,185)

======================================================================
 Itterate = 92001 	 T=48.07 
 RMS_Error       = 0.000173937519 
 MAX_ABS_U_Error = 0.000003876773 		 @ -> (178,26) 
 MAX_ABS_V_Error = 0.000003478672 		 @ -> (82,94) 
 MAX_RS_Error    = 0.012313468168 		 @ -> (254,82) 
 Bulk_Velocity_ABS_Error = 0.000000210576 	 @ -> (179,31)
======================================================================
 Updating the output data files ...
 Files has been saved at (Results.dat) Re(1000) U(0.1000) G(185,185)

======================================================================
 Itterate = 93001 	 T=48.59 
 RMS_Error       = 0.000160079975 
 MAX_ABS_U_Error = 0.000003505815 		 @ -> (178,26) 
 MAX_ABS_V_Error = 0.000003172782 		 @ -> (81,96) 
 MAX_RS_Error    = 0.011380236897 		 @ -> (254,82) 
 Bulk_Velocity_ABS_Error = 0.000000192788 	 @ -> (75,112)
======================================================================
 Updating the output data files ...
 Files has been saved at (Results.dat) Re(1000) U(0.1000) G(185,185)

======================================================================
 Itterate = 94001 	 T=49.11 
 RMS_Error       = 0.000147372128 
 MAX_ABS_U_Error = 0.000003169263 		 @ -> (178,26) 
 MAX_ABS_V_Error = 0.000002892256 		 @ -> (81,96) 
 MAX_RS_Error    = 0.010456705472 		 @ -> (254,82) 
 Bulk_Velocity_ABS_Error = 0.000000176593 	 @ -> (75,112)
======================================================================
 Updating the output data files ...
 Files has been saved at (Results.dat) Re(1000) U(0.1000) G(185,185)

======================================================================
 Itterate = 95001 	 T=49.64 
 RMS_Error       = 0.000135094672 
 MAX_ABS_U_Error = 0.000002864412 		 @ -> (178,26) 
 MAX_ABS_V_Error = 0.000002631283 		 @ -> (81,96) 
 MAX_RS_Error    = 0.009499748048 		 @ -> (254,82) 
 Bulk_Velocity_ABS_Error = 0.000000161583 	 @ -> (75,113)
======================================================================
 Updating the output data files ...
 Files has been saved at (Results.dat) Re(1000) U(0.1000) G(185,185)

======================================================================
 Itterate = 96001 	 T=50.16 
 RMS_Error       = 0.000122859146 
 MAX_ABS_U_Error = 0.000002588834 		 @ -> (178,26) 
 MAX_ABS_V_Error = 0.000002388365 		 @ -> (80,98) 
 MAX_RS_Error    = 0.008503561413 		 @ -> (254,82) 
 Bulk_Velocity_ABS_Error = 0.000000147452 	 @ -> (75,113)
======================================================================
 Updating the output data files ...
 Files has been saved at (Results.dat) Re(1000) U(0.1000) G(185,185)

======================================================================
 Itterate = 97001 	 T=50.68 
 RMS_Error       = 0.000110630848 
 MAX_ABS_U_Error = 0.000002340339 		 @ -> (179,26) 
 MAX_ABS_V_Error = 0.000002162976 		 @ -> (80,98) 
 MAX_RS_Error    = 0.007494536623 		 @ -> (254,82) 
 Bulk_Velocity_ABS_Error = 0.000000134148 	 @ -> (74,115)
======================================================================
 Updating the output data files ...
 Files has been saved at (Results.dat) Re(1000) U(0.1000) G(185,185)

======================================================================
 Itterate = 98001 	 T=51.20 
 RMS_Error       = 0.000098670832 
 MAX_ABS_U_Error = 0.000002116362 		 @ -> (179,26) 
 MAX_ABS_V_Error = 0.000001955389 		 @ -> (80,98) 
 MAX_RS_Error    = 0.006518741052 		 @ -> (254,82) 
 Bulk_Velocity_ABS_Error = 0.000000121678 	 @ -> (74,115)
======================================================================
 Updating the output data files ...
 Files has been saved at (Results.dat) Re(1000) U(0.1000) G(185,185)

======================================================================
 Itterate = 99001 	 T=51.73 
 RMS_Error       = 0.000087410739 
 MAX_ABS_U_Error = 0.000001914585 		 @ -> (179,26) 
 MAX_ABS_V_Error = 0.000001766899 		 @ -> (80,98) 
 MAX_RS_Error    = 0.005626264717 		 @ -> (254,82) 
 Bulk_Velocity_ABS_Error = 0.000000110153 	 @ -> (74,115)
======================================================================
 Updating the output data files ...
 Files has been saved at (Results.dat) Re(1000) U(0.1000) G(185,185)

======================================================================
 Itterate = 100001 	 T=52.25 
 RMS_Error       = 0.000077294980 
 MAX_ABS_U_Error = 0.000001732735 		 @ -> (178,26) 
 MAX_ABS_V_Error = 0.000001598310 		 @ -> (80,98) 
 MAX_RS_Error    = 0.004856793644 		 @ -> (254,82) 
 Bulk_Velocity_ABS_Error = 0.000000099704 	 @ -> (74,115)
======================================================================
 Updating the output data files ...
 Files has been saved at (Results.dat) Re(1000) U(0.1000) G(185,185)

======================================================================
 Itterate = 101001 	 T=52.77 
 RMS_Error       = 0.000068636842 
 MAX_ABS_U_Error = 0.000001568640 		 @ -> (178,26) 
 MAX_ABS_V_Error = 0.000001449408 		 @ -> (80,98) 
 MAX_RS_Error    = 0.004229928252 		 @ -> (254,82) 
 Bulk_Velocity_ABS_Error = 0.000000090416 	 @ -> (74,115)
======================================================================
 Updating the output data files ...
 Files has been saved at (Results.dat) Re(1000) U(0.1000) G(185,185)

======================================================================
 Itterate = 102001 	 T=53.29 
 RMS_Error       = 0.000061531768 
 MAX_ABS_U_Error = 0.000001420161 		 @ -> (178,26) 
 MAX_ABS_V_Error = 0.000001318796 		 @ -> (80,98) 
 MAX_RS_Error    = 0.003741943605 		 @ -> (254,82) 
 Bulk_Velocity_ABS_Error = 0.000000082288 	 @ -> (74,115)
======================================================================
 Updating the output data files ...
 Files has been saved at (Results.dat) Re(1000) U(0.1000) G(185,185)

======================================================================
 Itterate = 103001 	 T=53.82 
 RMS_Error       = 0.000055849960 
 MAX_ABS_U_Error = 0.000001286528 		 @ -> (176,27) 
 MAX_ABS_V_Error = 0.000001204066 		 @ -> (80,98) 
 MAX_RS_Error    = 0.003368874749 		 @ -> (254,82) 
 Bulk_Velocity_ABS_Error = 0.000000075228 	 @ -> (74,115)
======================================================================
 Updating the output data files ...
 Files has been saved at (Results.dat) Re(1000) U(0.1000) G(185,185)

======================================================================
 Itterate = 104001 	 T=54.34 
 RMS_Error       = 0.000051296058 
 MAX_ABS_U_Error = 0.000001165176 		 @ -> (177,27) 
 MAX_ABS_V_Error = 0.000001102371 		 @ -> (79,100) 
 MAX_RS_Error    = 0.003074174921 		 @ -> (254,82) 
 Bulk_Velocity_ABS_Error = 0.000000069073 	 @ -> (74,115)
======================================================================
 Updating the output data files ...
 Files has been saved at (Results.dat) Re(1000) U(0.1000) G(185,185)

======================================================================
 Itterate = 105001 	 T=54.86 
 RMS_Error       = 0.000047498328 
 MAX_ABS_U_Error = 0.000001054714 		 @ -> (177,27) 
 MAX_ABS_V_Error = 0.000001010905 		 @ -> (79,100) 
 MAX_RS_Error    = 0.002818415521 		 @ -> (254,82) 
 Bulk_Velocity_ABS_Error = 0.000000063643 	 @ -> (74,116)
======================================================================
 Updating the output data files ...
 Files has been saved at (Results.dat) Re(1000) U(0.1000) G(185,185)

======================================================================
 Itterate = 106001 	 T=55.38 
 RMS_Error       = 0.000044092859 
 MAX_ABS_U_Error = 0.000000954134 		 @ -> (175,28) 
 MAX_ABS_V_Error = 0.000000926880 		 @ -> (78,102) 
 MAX_RS_Error    = 0.002568342416 		 @ -> (254,82) 
 Bulk_Velocity_ABS_Error = 0.000000058723 	 @ -> (74,116)
======================================================================
 Updating the output data files ...
 Files has been saved at (Results.dat) Re(1000) U(0.1000) G(185,185)

======================================================================
 Itterate = 107001 	 T=55.91 
 RMS_Error       = 0.000040788606 
 MAX_ABS_U_Error = 0.000000863069 		 @ -> (176,28) 
 MAX_ABS_V_Error = 0.000000848864 		 @ -> (78,102) 
 MAX_RS_Error    = 0.002303195977 		 @ -> (254,82) 
 Bulk_Velocity_ABS_Error = 0.000000054137 	 @ -> (74,116)
======================================================================
 Updating the output data files ...
 Files has been saved at (Results.dat) Re(1000) U(0.1000) G(185,185)

======================================================================
 Itterate = 108001 	 T=56.43 
 RMS_Error       = 0.000037410619 
 MAX_ABS_U_Error = 0.000000780263 		 @ -> (176,28) 
 MAX_ABS_V_Error = 0.000000775585 		 @ -> (77,104) 
 MAX_RS_Error    = 0.002017132240 		 @ -> (254,82) 
 Bulk_Velocity_ABS_Error = 0.000000049798 	 @ -> (74,117)
======================================================================
 Updating the output data files ...
 Files has been saved at (Results.dat) Re(1000) U(0.1000) G(185,185)

======================================================================
 Itterate = 109001 	 T=56.95 
 RMS_Error       = 0.000033917588 
 MAX_ABS_U_Error = 0.000000705252 		 @ -> (176,28) 
 MAX_ABS_V_Error = 0.000000706633 		 @ -> (76,106) 
 MAX_RS_Error    = 0.001717724411 		 @ -> (254,82) 
 Bulk_Velocity_ABS_Error = 0.000000045663 	 @ -> (73,119)
======================================================================
 Updating the output data files ...
 Files has been saved at (Results.dat) Re(1000) U(0.1000) G(185,185)

======================================================================
 Itterate = 110001 	 T=57.47 
 RMS_Error       = 0.000030389381 
 MAX_ABS_U_Error = 0.000000637638 		 @ -> (177,28) 
 MAX_ABS_V_Error = 0.000000642363 		 @ -> (76,106) 
 MAX_RS_Error    = 0.001421467179 		 @ -> (254,82) 
 Bulk_Velocity_ABS_Error = 0.000000041722 	 @ -> (73,119)
======================================================================
 Updating the output data files ...
 Files has been saved at (Results.dat) Re(1000) U(0.1000) G(185,185)

======================================================================
 Itterate = 111001 	 T=58.00 
 RMS_Error       = 0.000026986268 
 MAX_ABS_U_Error = 0.000000576900 		 @ -> (177,28) 
 MAX_ABS_V_Error = 0.000000583052 		 @ -> (75,108) 
 MAX_RS_Error    = 0.001176524997 		 @ -> (96,33) 
 Bulk_Velocity_ABS_Error = 0.000000038018 	 @ -> (73,119)
======================================================================
 Updating the output data files ...
 Files has been saved at (Results.dat) Re(1000) U(0.1000) G(185,185)

======================================================================
 Itterate = 112001 	 T=58.52 
 RMS_Error       = 0.000023890278 
 MAX_ABS_U_Error = 0.000000522447 		 @ -> (177,28) 
 MAX_ABS_V_Error = 0.000000529474 		 @ -> (76,107) 
 MAX_RS_Error    = 0.001041574085 		 @ -> (96,33) 
 Bulk_Velocity_ABS_Error = 0.000000034617 	 @ -> (72,121)
======================================================================
 Updating the output data files ...
 Files has been saved at (Results.dat) Re(1000) U(0.1000) G(185,185)

======================================================================
 Itterate = 113001 	 T=59.04 
 RMS_Error       = 0.000021245608 
 MAX_ABS_U_Error = 0.000000473622 		 @ -> (177,28) 
 MAX_ABS_V_Error = 0.000000481931 		 @ -> (76,107) 
 MAX_RS_Error    = 0.000917972993 		 @ -> (96,33) 
 Bulk_Velocity_ABS_Error = 0.000000031573 	 @ -> (73,120)
======================================================================
 Updating the output data files ...
 Files has been saved at (Results.dat) Re(1000) U(0.1000) G(185,185)

======================================================================
 Itterate = 114001 	 T=59.56 
 RMS_Error       = 0.000019116955 
 MAX_ABS_U_Error = 0.000000429771 		 @ -> (175,29) 
 MAX_ABS_V_Error = 0.000000440366 		 @ -> (76,107) 
 MAX_RS_Error    = 0.000813954011 		 @ -> (96,33) 
 Bulk_Velocity_ABS_Error = 0.000000028910 	 @ -> (73,120)
======================================================================
 Updating the output data files ...
 Files has been saved at (Results.dat) Re(1000) U(0.1000) G(185,185)

======================================================================
 Itterate = 115001 	 T=60.09 
 RMS_Error       = 0.000017479200 
 MAX_ABS_U_Error = 0.000000390636 		 @ -> (175,29) 
 MAX_ABS_V_Error = 0.000000404277 		 @ -> (76,107) 
 MAX_RS_Error    = 0.000733592185 		 @ -> (96,33) 
 Bulk_Velocity_ABS_Error = 0.000000026612 	 @ -> (73,120)
======================================================================
 Updating the output data files ...
 Files has been saved at (Results.dat) Re(1000) U(0.1000) G(185,185)

======================================================================
 Itterate = 116001 	 T=60.61 
 RMS_Error       = 0.000016237673 
 MAX_ABS_U_Error = 0.000000355096 		 @ -> (176,29) 
 MAX_ABS_V_Error = 0.000000372824 		 @ -> (76,108) 
 MAX_RS_Error    = 0.000676270812 		 @ -> (96,33) 
 Bulk_Velocity_ABS_Error = 0.000000024634 	 @ -> (73,121)
======================================================================
 Updating the output data files ...
 Files has been saved at (Results.dat) Re(1000) U(0.1000) G(185,185)

======================================================================
 Itterate = 117001 	 T=61.13 
 RMS_Error       = 0.000015263157 
 MAX_ABS_U_Error = 0.000000323117 		 @ -> (174,30) 
 MAX_ABS_V_Error = 0.000000345041 		 @ -> (76,108) 
 MAX_RS_Error    = 0.000637372334 		 @ -> (96,33) 
 Bulk_Velocity_ABS_Error = 0.000000022921 	 @ -> (73,121)
======================================================================
 Updating the output data files ...
 Files has been saved at (Results.dat) Re(1000) U(0.1000) G(185,185)

======================================================================
 Itterate = 118001 	 T=61.65 
 RMS_Error       = 0.000014424539 
 MAX_ABS_U_Error = 0.000000293705 		 @ -> (175,30) 
 MAX_ABS_V_Error = 0.000000319903 		 @ -> (75,110) 
 MAX_RS_Error    = 0.000609847381 		 @ -> (96,33) 
 Bulk_Velocity_ABS_Error = 0.000000021382 	 @ -> (73,122)
======================================================================
 Updating the output data files ...
 Files has been saved at (Results.dat) Re(1000) U(0.1000) G(185,185)

======================================================================
 Itterate = 119001 	 T=62.18 
 RMS_Error       = 0.000013612819 
 MAX_ABS_U_Error = 0.000000266844 		 @ -> (173,31) 
 MAX_ABS_V_Error = 0.000000296557 		 @ -> (74,112) 
 MAX_RS_Error    = 0.000586152864 		 @ -> (96,33) 
 Bulk_Velocity_ABS_Error = 0.000000019963 	 @ -> (73,122)
======================================================================
 Updating the output data files ...
 Files has been saved at (Results.dat) Re(1000) U(0.1000) G(185,185)

======================================================================
 Itterate = 120001 	 T=62.70 
 RMS_Error       = 0.000012757545 
 MAX_ABS_U_Error = 0.000000248594 		 @ -> (102,200) 
 MAX_ABS_V_Error = 0.000000274514 		 @ -> (74,113) 
 MAX_RS_Error    = 0.000560034408 		 @ -> (96,33) 
 Bulk_Velocity_ABS_Error = 0.000000018604 	 @ -> (73,123)
======================================================================
 Updating the output data files ...
 Files has been saved at (Results.dat) Re(1000) U(0.1000) G(185,185)

======================================================================
 Itterate = 121001 	 T=63.22 
 RMS_Error       = 0.000011835428 
 MAX_ABS_U_Error = 0.000000238465 		 @ -> (104,199) 
 MAX_ABS_V_Error = 0.000000253485 		 @ -> (73,115) 
 MAX_RS_Error    = 0.000527743025 		 @ -> (96,33) 
 Bulk_Velocity_ABS_Error = 0.000000017457 	 @ -> (108,202)
======================================================================
 Updating the output data files ...
 Files has been saved at (Results.dat) Re(1000) U(0.1000) G(185,185)

======================================================================
 Itterate = 122001 	 T=63.74 
 RMS_Error       = 0.000010868517 
 MAX_ABS_U_Error = 0.000000228587 		 @ -> (105,199) 
 MAX_ABS_V_Error = 0.000000233403 		 @ -> (72,117) 
 MAX_RS_Error    = 0.000488478454 		 @ -> (96,33) 
 Bulk_Velocity_ABS_Error = 0.000000016739 	 @ -> (108,202)
======================================================================
 Updating the output data files ...
 Files has been saved at (Results.dat) Re(1000) U(0.1000) G(185,185)

======================================================================
 Itterate = 123001 	 T=64.27 
 RMS_Error       = 0.000009910873 
 MAX_ABS_U_Error = 0.000000218149 		 @ -> (106,199) 
 MAX_ABS_V_Error = 0.000000214509 		 @ -> (72,118) 
 MAX_RS_Error    = 0.000444062793 		 @ -> (96,33) 
 Bulk_Velocity_ABS_Error = 0.000000015994 	 @ -> (108,202)
======================================================================
 Updating the output data files ...
 Files has been saved at (Results.dat) Re(1000) U(0.1000) G(185,185)

 CONVERGED by Error criteria.
